{"content": {"suites": {"0": {"status": {"total_pass": 9, "total_skip": 0, "total_xpass": 0, "total_xfail": 0, "total_rerun": 0, "total_fail": 1, "total_error": 0}, "tests": {"0": {"status": "PASS", "message": "", "test_name": "test_create_basic_session", "rerun": "0"}, "1": {"status": "PASS", "message": "", "test_name": "test_calculate_effective_minutes_on_end", "rerun": "0"}, "2": {"status": "PASS", "message": "", "test_name": "test_session_with_related_tasks", "rerun": "0"}, "3": {"status": "PASS", "message": "", "test_name": "test_start_serializer_validation", "rerun": "0"}, "4": {"status": "PASS", "message": "", "test_name": "test_full_session_serializer_read", "rerun": "0"}, "5": {"status": "PASS", "message": "", "test_name": "test_start_new_session", "rerun": "0"}, "6": {"status": "PASS", "message": "", "test_name": "test_end_session", "rerun": "0"}, "7": {"status": "PASS", "message": "", "test_name": "test_cannot_end_already_ended_session", "rerun": "0"}, "8": {"status": "PASS", "message": "", "test_name": "test_flow_allowed_limit", "rerun": "0"}, "9": {"status": "FAIL", "message": "   assert 17 >= 67\n    +  where 17 = <RewardSummary: rewardfocus - Level 2>.xp\n", "test_name": "test_focus_completion_gives_rewards", "rerun": "0"}}, "suite_name": "Tests/unit/test_focus_sessions.py"}, "1": {"suite_name": "Tests/unit/test_hobbies.py", "tests": {"0": {"status": "FAIL", "message": "   AssertionError: assert False\n    +  where False = <built-in method endswith of str object at 0x000001ECC4E710D0>('(user)')\n    +    where <built-in method endswith of str object at 0x000001ECC4E710D0> = 'Urban Gardening (hobbybunny)'.endswith\n    +      where 'Urban Gardening (hobbybunny)' = str(<Hobby: Urban Gardening (hobbybunny)>)\n", "test_name": "test_create_basic_hobby", "rerun": "0"}, "1": {"status": "PASS", "message": "", "test_name": "test_freeze_and_unfreeze_methods", "rerun": "0"}, "2": {"status": "FAIL", "message": "       Failed: DID NOT RAISE <class 'Exception'>\n", "test_name": "test_hobby_uniqueness_per_user", "rerun": "0"}, "3": {"status": "PASS", "message": "", "test_name": "test_create_activity", "rerun": "0"}, "4": {"status": "PASS", "message": "", "test_name": "test_hobby_serializer", "rerun": "0"}, "5": {"status": "PASS", "message": "", "test_name": "test_activity_serializer_with_custom_data", "rerun": "0"}, "6": {"status": "PASS", "message": "", "test_name": "test_create_hobby", "rerun": "0"}, "7": {"status": "PASS", "message": "", "test_name": "test_list_only_own_hobbies", "rerun": "0"}, "8": {"status": "PASS", "message": "", "test_name": "test_toggle_freeze_action", "rerun": "0"}, "9": {"status": "ERROR", "message": "file D:\\Internship1\\BunnyStepsWeb\\backend\\BunnySteps\\Tests\\unit\\test_hobbies.py, line 199\n      def test_create_activity_via_api(self, auth_client, user):\nfile D:\\Internship1\\BunnyStepsWeb\\backend\\BunnySteps\\Tests\\unit\\test_hobbies.py, line 194\n      @pytest.fixture\n      def auth_client(self, client, user):\nE       fixture 'user' not found\n>       available fixtures: _dj_autoclear_mailbox, _django_clear_site_cache, _django_db_helper, _django_db_marker, _django_set_urlconf, _django_setup_unittest, _fail_for_invalid_template_variable, _live_server_helper, _session_faker, _template_string_if_invalid_marker, admin_client, admin_user, anyio_backend, anyio_backend_name, anyio_backend_options, async_client, async_rf, auth_client, cache, capfd, capfdbinary, caplog, capsys, capsysbinary, client, cov, db, django_assert_max_num_queries, django_assert_num_queries, django_capture_on_commit_callbacks, django_db_blocker, django_db_createdb, django_db_keepdb, django_db_modify_db_settings, django_db_modify_db_settings_parallel_suffix, django_db_modify_db_settings_tox_suffix, django_db_modify_db_settings_xdist_suffix, django_db_reset_sequences, django_db_serialized_rollback, django_db_setup, django_db_use_migrations, django_mail_dnsname, django_mail_patch_dns, django_test_environment, django_user_model, django_username_field, doctest_namespace, extra, extras, faker, free_tcp_port, free_tcp_port_factory, free_udp_port, free_udp_port_factory, include_metadata_in_junit_xml, live_server, mailoutbox, metadata, monkeypatch, no_cover, pytestconfig, record_property, record_testsuite_property, record_xml_attribute, recwarn, rf, settings, tmp_path, tmp_path_factory, tmpdir, tmpdir_factory, transactional_db\n>       use 'pytest --fixtures [testpath]' for help on them.\n\nD:\\Internship1\\BunnyStepsWeb\\backend\\BunnySteps\\Tests\\unit\\test_hobbies.py:194\n", "test_name": "test_create_activity_via_api", "rerun": "0"}}, "status": {"total_pass": 7, "total_skip": 0, "total_xpass": 0, "total_xfail": 0, "total_rerun": 0, "total_fail": 2, "total_error": 1}}, "2": {"suite_name": "Tests/unit/test_moods.py", "tests": {"0": {"status": "PASS", "message": "", "test_name": "test_create_basic_mood_log", "rerun": "0"}, "1": {"status": "FAIL", "message": "       Failed: DID NOT RAISE <class 'Exception'>\n", "test_name": "test_rating_validation", "rerun": "0"}, "2": {"status": "PASS", "message": "", "test_name": "test_default_rating_none", "rerun": "0"}, "3": {"status": "PASS", "message": "", "test_name": "test_serialize_mood_log", "rerun": "0"}, "4": {"status": "FAIL", "message": "   sqlite3.IntegrityError: NOT NULL constraint failed: api_moodlog.user_id\n   django.db.utils.IntegrityError: NOT NULL constraint failed: api_moodlog.user_id\n", "test_name": "test_create_via_serializer", "rerun": "0"}, "5": {"status": "PASS", "message": "", "test_name": "test_create_mood_log", "rerun": "0"}, "6": {"status": "PASS", "message": "", "test_name": "test_list_only_own_logs", "rerun": "0"}, "7": {"status": "PASS", "message": "", "test_name": "test_insights_endpoint", "rerun": "0"}, "8": {"status": "FAIL", "message": "   AssertionError: The `request` argument must be an instance of `django.http.HttpRequest`, not `builtins.type`.\n", "test_name": "test_weekly_trend_calculation", "rerun": "0"}}, "status": {"total_pass": 6, "total_skip": 0, "total_xpass": 0, "total_xfail": 0, "total_rerun": 0, "total_fail": 3, "total_error": 0}}, "3": {"suite_name": "Tests/unit/test_notification.py", "tests": {"0": {"status": "ERROR", "message": "self = <test_notification.TestNotifications object at 0x000001ECC4B34100>\n\n    @pytest.fixture\n    def user(self):\n>       return User.objects.create_user(username=\"notifybun\", password=\"x\")\nE       AttributeError: 'str' object has no attribute 'objects'\n\nTests\\unit\\test_notification.py:15: AttributeError\n", "test_name": "test_task_completion_creates_notification", "rerun": "0"}, "1": {"status": "ERROR", "message": "self = <test_notification.TestNotifications object at 0x000001ECC4B34D60>\n\n    @pytest.fixture\n    def user(self):\n>       return User.objects.create_user(username=\"notifybun\", password=\"x\")\nE       AttributeError: 'str' object has no attribute 'objects'\n\nTests\\unit\\test_notification.py:15: AttributeError\n", "test_name": "test_notification_mark_as_read", "rerun": "0"}}, "status": {"total_pass": 0, "total_skip": 0, "total_xpass": 0, "total_xfail": 0, "total_rerun": 0, "total_fail": 0, "total_error": 2}}, "4": {"suite_name": "Tests/unit/test_rewards.py", "tests": {"0": {"status": "ERROR", "message": "self = <test_rewards.TestRewardSystem object at 0x000001ECC4B30940>\n\n    @pytest.fixture\n    def user(self):\n>       user = User.objects.create_user(username=\"rewardtest\", password=\"x\")\nE       AttributeError: 'str' object has no attribute 'objects'\n\nTests\\unit\\test_rewards.py:16: AttributeError\n", "test_name": "test_level_up_calculation", "rerun": "0"}, "1": {"status": "ERROR", "message": "self = <test_rewards.TestRewardSystem object at 0x000001ECC4B30FD0>\n\n    @pytest.fixture\n    def user(self):\n>       user = User.objects.create_user(username=\"rewardtest\", password=\"x\")\nE       AttributeError: 'str' object has no attribute 'objects'\n\nTests\\unit\\test_rewards.py:16: AttributeError\n", "test_name": "test_task_completion_gives_reward", "rerun": "0"}, "2": {"status": "ERROR", "message": "self = <test_rewards.TestRewardSystem object at 0x000001ECC4B34B80>\n\n    @pytest.fixture\n    def user(self):\n>       user = User.objects.create_user(username=\"rewardtest\", password=\"x\")\nE       AttributeError: 'str' object has no attribute 'objects'\n\nTests\\unit\\test_rewards.py:16: AttributeError\n", "test_name": "test_focus_session_completion_reward", "rerun": "0"}}, "status": {"total_pass": 0, "total_skip": 0, "total_xpass": 0, "total_xfail": 0, "total_rerun": 0, "total_fail": 0, "total_error": 3}}, "5": {"suite_name": "Tests/unit/test_shopping.py", "tests": {"0": {"status": "PASS", "message": "", "test_name": "test_create_basic_shopping_item", "rerun": "0"}, "1": {"status": "PASS", "message": "", "test_name": "test_expiring_item_query", "rerun": "0"}, "2": {"status": "PASS", "message": "", "test_name": "test_impulsive_flag", "rerun": "0"}, "3": {"status": "PASS", "message": "", "test_name": "test_create_expense_linked_to_item", "rerun": "0"}, "4": {"status": "PASS", "message": "", "test_name": "test_expense_without_shopping_item", "rerun": "0"}, "5": {"status": "PASS", "message": "", "test_name": "test_serialize_shopping_item", "rerun": "0"}, "6": {"status": "PASS", "message": "", "test_name": "test_create_shopping_item", "rerun": "0"}, "7": {"status": "PASS", "message": "", "test_name": "test_list_only_own_items", "rerun": "0"}, "8": {"status": "PASS", "message": "", "test_name": "test_create_expense", "rerun": "0"}, "9": {"status": "FAIL", "message": "   AttributeError: 'Client' object has no attribute 'force_authenticate'\n", "test_name": "test_expiring_items_endpoint", "rerun": "0"}}, "status": {"total_pass": 9, "total_skip": 0, "total_xpass": 0, "total_xfail": 0, "total_rerun": 0, "total_fail": 1, "total_error": 0}}, "6": {"suite_name": "Tests/unit/test_tasks.py", "tests": {"0": {"status": "PASS", "message": "", "test_name": "test_create_minimal_task", "rerun": "0"}, "1": {"status": "PASS", "message": "", "test_name": "test_auto_set_completed_at_on_done", "rerun": "0"}, "2": {"status": "PASS", "message": "", "test_name": "test_preferred_focus_mode_persisted", "rerun": "0"}, "3": {"status": "PASS", "message": "", "test_name": "test_task_with_shopping_link", "rerun": "0"}, "4": {"status": "PASS", "message": "", "test_name": "test_freeze_and_unfreeze", "rerun": "0"}, "5": {"status": "PASS", "message": "", "test_name": "test_str_representation", "rerun": "0"}, "6": {"status": "PASS", "message": "", "test_name": "test_create_task_with_category_id", "rerun": "0"}, "7": {"status": "PASS", "message": "", "test_name": "test_read_only_fields_not_overwritten", "rerun": "0"}, "8": {"status": "PASS", "message": "", "test_name": "test_list_only_own_tasks", "rerun": "0"}, "9": {"status": "PASS", "message": "", "test_name": "test_create_task", "rerun": "0"}, "10": {"status": "PASS", "message": "", "test_name": "test_start_task_action", "rerun": "0"}, "11": {"status": "PASS", "message": "", "test_name": "test_start_frozen_task_fails", "rerun": "0"}, "12": {"status": "PASS", "message": "", "test_name": "test_complete_task_action", "rerun": "0"}, "13": {"status": "PASS", "message": "", "test_name": "test_cannot_complete_already_done_task", "rerun": "0"}, "14": {"status": "PASS", "message": "", "test_name": "test_toggle_freeze_action", "rerun": "0"}, "15": {"status": "PASS", "message": "", "test_name": "test_complete_task_creates_notification", "rerun": "0"}}, "status": {"total_pass": 16, "total_skip": 0, "total_xpass": 0, "total_xfail": 0, "total_rerun": 0, "total_fail": 0, "total_error": 0}}, "7": {"suite_name": "Tests/unit/test_weekly_discipline.py", "tests": {"0": {"status": "ERROR", "message": "self = <test_weekly_discipline.TestWeeklyDiscipline object at 0x000001ECC4B51E50>\n\n    @pytest.fixture\n    def user(self):\n>       return User.objects.create_user(username=\"disciplinebun\", password=\"x\")\nE       AttributeError: 'str' object has no attribute 'objects'\n\nTests\\unit\\test_weekly_discipline.py:14: AttributeError\n", "test_name": "test_no_impulsive_in_week_gives_badge", "rerun": "0"}, "1": {"status": "ERROR", "message": "self = <test_weekly_discipline.TestWeeklyDiscipline object at 0x000001ECC4B51D00>\n\n    @pytest.fixture\n    def user(self):\n>       return User.objects.create_user(username=\"disciplinebun\", password=\"x\")\nE       AttributeError: 'str' object has no attribute 'objects'\n\nTests\\unit\\test_weekly_discipline.py:14: AttributeError\n", "test_name": "test_impulsive_buy_prevents_badge", "rerun": "0"}}, "status": {"total_pass": 0, "total_skip": 0, "total_xpass": 0, "total_xfail": 0, "total_rerun": 0, "total_fail": 0, "total_error": 2}}}}, "date": "January 17, 2026", "start_time": 1768682042.5605555, "total_suite": 8, "status": "FAIL", "status_list": {"pass": "47", "fail": "7", "skip": "0", "error": "8", "xpass": "0", "xfail": "0", "rerun": "0"}, "total_tests": "62"}