<!DOCTYPE html>
<html>
  <head>
    <meta charset="utf-8"/>
    <title id="head-title">report.html</title>
      <style type="text/css">body {
  font-family: Helvetica, Arial, sans-serif;
  font-size: 12px;
  /* do not increase min-width as some may use split screens */
  min-width: 800px;
  color: #999;
}

h1 {
  font-size: 24px;
  color: black;
}

h2 {
  font-size: 16px;
  color: black;
}

p {
  color: black;
}

a {
  color: #999;
}

table {
  border-collapse: collapse;
}

/******************************
 * SUMMARY INFORMATION
 ******************************/
#environment td {
  padding: 5px;
  border: 1px solid #e6e6e6;
  vertical-align: top;
}
#environment tr:nth-child(odd) {
  background-color: #f6f6f6;
}
#environment ul {
  margin: 0;
  padding: 0 20px;
}

/******************************
 * TEST RESULT COLORS
 ******************************/
span.passed,
.passed .col-result {
  color: green;
}

span.skipped,
span.xfailed,
span.rerun,
.skipped .col-result,
.xfailed .col-result,
.rerun .col-result {
  color: orange;
}

span.error,
span.failed,
span.xpassed,
.error .col-result,
.failed .col-result,
.xpassed .col-result {
  color: red;
}

.col-links__extra {
  margin-right: 3px;
}

/******************************
 * RESULTS TABLE
 *
 * 1. Table Layout
 * 2. Extra
 * 3. Sorting items
 *
 ******************************/
/*------------------
 * 1. Table Layout
 *------------------*/
#results-table {
  border: 1px solid #e6e6e6;
  color: #999;
  font-size: 12px;
  width: 100%;
}
#results-table th,
#results-table td {
  padding: 5px;
  border: 1px solid #e6e6e6;
  text-align: left;
}
#results-table th {
  font-weight: bold;
}

/*------------------
 * 2. Extra
 *------------------*/
.logwrapper {
  max-height: 230px;
  overflow-y: scroll;
  background-color: #e6e6e6;
}
.logwrapper.expanded {
  max-height: none;
}
.logwrapper.expanded .logexpander:after {
  content: "collapse [-]";
}
.logwrapper .logexpander {
  z-index: 1;
  position: sticky;
  top: 10px;
  width: max-content;
  border: 1px solid;
  border-radius: 3px;
  padding: 5px 7px;
  margin: 10px 0 10px calc(100% - 80px);
  cursor: pointer;
  background-color: #e6e6e6;
}
.logwrapper .logexpander:after {
  content: "expand [+]";
}
.logwrapper .logexpander:hover {
  color: #000;
  border-color: #000;
}
.logwrapper .log {
  min-height: 40px;
  position: relative;
  top: -50px;
  height: calc(100% + 50px);
  border: 1px solid #e6e6e6;
  color: black;
  display: block;
  font-family: "Courier New", Courier, monospace;
  padding: 5px;
  padding-right: 80px;
  white-space: pre-wrap;
}

div.media {
  border: 1px solid #e6e6e6;
  float: right;
  height: 240px;
  margin: 0 5px;
  overflow: hidden;
  width: 320px;
}

.media-container {
  display: grid;
  grid-template-columns: 25px auto 25px;
  align-items: center;
  flex: 1 1;
  overflow: hidden;
  height: 200px;
}

.media-container--fullscreen {
  grid-template-columns: 0px auto 0px;
}

.media-container__nav--right,
.media-container__nav--left {
  text-align: center;
  cursor: pointer;
}

.media-container__viewport {
  cursor: pointer;
  text-align: center;
  height: inherit;
}
.media-container__viewport img,
.media-container__viewport video {
  object-fit: cover;
  width: 100%;
  max-height: 100%;
}

.media__name,
.media__counter {
  display: flex;
  flex-direction: row;
  justify-content: space-around;
  flex: 0 0 25px;
  align-items: center;
}

.collapsible td:not(.col-links) {
  cursor: pointer;
}
.collapsible td:not(.col-links):hover::after {
  color: #bbb;
  font-style: italic;
  cursor: pointer;
}

.col-result {
  width: 130px;
}
.col-result:hover::after {
  content: " (hide details)";
}

.col-result.collapsed:hover::after {
  content: " (show details)";
}

#environment-header h2:hover::after {
  content: " (hide details)";
  color: #bbb;
  font-style: italic;
  cursor: pointer;
  font-size: 12px;
}

#environment-header.collapsed h2:hover::after {
  content: " (show details)";
  color: #bbb;
  font-style: italic;
  cursor: pointer;
  font-size: 12px;
}

/*------------------
 * 3. Sorting items
 *------------------*/
.sortable {
  cursor: pointer;
}
.sortable.desc:after {
  content: " ";
  position: relative;
  left: 5px;
  bottom: -12.5px;
  border: 10px solid #4caf50;
  border-bottom: 0;
  border-left-color: transparent;
  border-right-color: transparent;
}
.sortable.asc:after {
  content: " ";
  position: relative;
  left: 5px;
  bottom: 12.5px;
  border: 10px solid #4caf50;
  border-top: 0;
  border-left-color: transparent;
  border-right-color: transparent;
}

.hidden, .summary__reload__button.hidden {
  display: none;
}

.summary__data {
  flex: 0 0 550px;
}
.summary__reload {
  flex: 1 1;
  display: flex;
  justify-content: center;
}
.summary__reload__button {
  flex: 0 0 300px;
  display: flex;
  color: white;
  font-weight: bold;
  background-color: #4caf50;
  text-align: center;
  justify-content: center;
  align-items: center;
  border-radius: 3px;
  cursor: pointer;
}
.summary__reload__button:hover {
  background-color: #46a049;
}
.summary__spacer {
  flex: 0 0 550px;
}

.controls {
  display: flex;
  justify-content: space-between;
}

.filters,
.collapse {
  display: flex;
  align-items: center;
}
.filters button,
.collapse button {
  color: #999;
  border: none;
  background: none;
  cursor: pointer;
  text-decoration: underline;
}
.filters button:hover,
.collapse button:hover {
  color: #ccc;
}

.filter__label {
  margin-right: 10px;
}

      </style>
    
  </head>
  <body>
    <h1 id="title">report.html</h1>
    <p>Report generated on 17-Jan-2026 at 22:53:12 by <a href="https://pypi.python.org/pypi/pytest-html">pytest-html</a>
        v4.1.1</p>
    <div id="environment-header">
      <h2>Environment</h2>
    </div>
    <table id="environment"></table>
    <!-- TEMPLATES -->
      <template id="template_environment_row">
      <tr>
        <td></td>
        <td></td>
      </tr>
    </template>
    <template id="template_results-table__body--empty">
      <tbody class="results-table-row">
        <tr id="not-found-message">
          <td colspan="4">No results found. Check the filters.</th>
        </tr>
    </template>
    <template id="template_results-table__tbody">
      <tbody class="results-table-row">
        <tr class="collapsible">
        </tr>
        <tr class="extras-row">
          <td class="extra" colspan="4">
            <div class="extraHTML"></div>
            <div class="media">
              <div class="media-container">
                  <div class="media-container__nav--left"><</div>
                  <div class="media-container__viewport">
                    <img src="" />
                    <video controls>
                      <source src="" type="video/mp4">
                    </video>
                  </div>
                  <div class="media-container__nav--right">></div>
                </div>
                <div class="media__name"></div>
                <div class="media__counter"></div>
            </div>
            <div class="logwrapper">
              <div class="logexpander"></div>
              <div class="log"></div>
            </div>
          </td>
        </tr>
      </tbody>
    </template>
    <!-- END TEMPLATES -->
    <div class="summary">
      <div class="summary__data">
        <h2>Summary</h2>
        <div class="additional-summary prefix">
        </div>
        <p class="run-count">66 tests took 00:00:29.</p>
        <p class="filter">(Un)check the boxes to filter the results.</p>
        <div class="summary__reload">
          <div class="summary__reload__button hidden" onclick="location.reload()">
            <div>There are still tests running. <br />Reload this page to get the latest results!</div>
          </div>
        </div>
        <div class="summary__spacer"></div>
        <div class="controls">
          <div class="filters">
            <input checked="true" class="filter" name="filter_checkbox" type="checkbox" data-test-result="failed" />
            <span class="failed">18 Failed,</span>
            <input checked="true" class="filter" name="filter_checkbox" type="checkbox" data-test-result="passed" />
            <span class="passed">48 Passed,</span>
            <input checked="true" class="filter" name="filter_checkbox" type="checkbox" data-test-result="skipped" disabled/>
            <span class="skipped">0 Skipped,</span>
            <input checked="true" class="filter" name="filter_checkbox" type="checkbox" data-test-result="xfailed" disabled/>
            <span class="xfailed">0 Expected failures,</span>
            <input checked="true" class="filter" name="filter_checkbox" type="checkbox" data-test-result="xpassed" disabled/>
            <span class="xpassed">0 Unexpected passes,</span>
            <input checked="true" class="filter" name="filter_checkbox" type="checkbox" data-test-result="error" />
            <span class="error">8 Errors,</span>
            <input checked="true" class="filter" name="filter_checkbox" type="checkbox" data-test-result="rerun" disabled/>
            <span class="rerun">0 Reruns</span>
          </div>
          <div class="collapse">
            <button id="show_all_details">Show all details</button>&nbsp;/&nbsp;<button id="hide_all_details">Hide all details</button>
          </div>
        </div>
      </div>
      <div class="additional-summary summary">
      </div>
      <div class="additional-summary postfix">
      </div>
    </div>
    <table id="results-table">
      <thead id="results-table-head">
        <tr>
          <th class="sortable" data-column-type="result">Result</th>
          <th class="sortable" data-column-type="testId">Test</th>
          <th class="sortable" data-column-type="duration">Duration</th>
          <th>Links</th>
        </tr>
      </thead>
    </table>
  </body>
  <footer>
    <div id="data-container" data-jsonblob="{&#34;environment&#34;: {&#34;Python&#34;: &#34;3.9.10&#34;, &#34;Platform&#34;: &#34;Windows-10-10.0.22000-SP0&#34;, &#34;Packages&#34;: {&#34;pytest&#34;: &#34;7.4.4&#34;, &#34;pluggy&#34;: &#34;1.6.0&#34;}, &#34;Plugins&#34;: {&#34;anyio&#34;: &#34;4.11.0&#34;, &#34;Faker&#34;: &#34;37.12.0&#34;, &#34;cov&#34;: &#34;7.0.0&#34;, &#34;django&#34;: &#34;4.11.1&#34;, &#34;html&#34;: &#34;4.1.1&#34;, &#34;html-reporter&#34;: &#34;0.2.9&#34;, &#34;metadata&#34;: &#34;3.1.1&#34;}, &#34;JAVA_HOME&#34;: &#34;C:\\Program Files\\Eclipse Adoptium\\jdk-8.0.392.8-hotspot\\&#34;}, &#34;tests&#34;: {&#34;Tests/integration/test_auth.py::TestAuthenticationFlow::test_register_new_user&#34;: [{&#34;extras&#34;: [], &#34;result&#34;: &#34;Failed&#34;, &#34;testId&#34;: &#34;Tests/integration/test_auth.py::TestAuthenticationFlow::test_register_new_user&#34;, &#34;duration&#34;: &#34;00:00:02&#34;, &#34;resultsTableRow&#34;: [&#34;&lt;td class=\&#34;col-result\&#34;&gt;Failed&lt;/td&gt;&#34;, &#34;&lt;td class=\&#34;col-testId\&#34;&gt;Tests/integration/test_auth.py::TestAuthenticationFlow::test_register_new_user&lt;/td&gt;&#34;, &#34;&lt;td class=\&#34;col-duration\&#34;&gt;00:00:02&lt;/td&gt;&#34;, &#34;&lt;td class=\&#34;col-links\&#34;&gt;&lt;/td&gt;&#34;], &#34;log&#34;: &#34;self = &amp;lt;test_auth.TestAuthenticationFlow object at 0x000001B24A3A6A90&amp;gt;, api_client = &amp;lt;rest_framework.test.APIClient object at 0x000001B24C9D0310&amp;gt;\n\n    def test_register_new_user(self, api_client):\n        url = reverse(&amp;quot;register&amp;quot;)  # adjust if your endpoint name is different\n        data = {\n            &amp;quot;username&amp;quot;: &amp;quot;newhopbunny&amp;quot;,\n            &amp;quot;email&amp;quot;: &amp;quot;hop@bunny.com&amp;quot;,\n            &amp;quot;password&amp;quot;: &amp;quot;CarrotPower2026!&amp;quot;\n        }\n    \n        response = api_client.post(url, data, format=&amp;quot;json&amp;quot;)\n    \n        assert response.status_code == 201\n        assert &amp;quot;access&amp;quot; in response.data\n        assert &amp;quot;refresh&amp;quot; in response.data\n        assert response.data[&amp;quot;username&amp;quot;] == &amp;quot;newhopbunny&amp;quot;\n    \n        # Check user really exists\n&amp;gt;       assert User.objects.filter(username=&amp;quot;newhopbunny&amp;quot;).exists()\nE       AttributeError: &amp;#x27;str&amp;#x27; object has no attribute &amp;#x27;objects&amp;#x27;\n\nTests\\integration\\test_auth.py:27: AttributeError\n&#34;}], &#34;Tests/integration/test_auth.py::TestAuthenticationFlow::test_login_success&#34;: [{&#34;extras&#34;: [], &#34;result&#34;: &#34;Failed&#34;, &#34;testId&#34;: &#34;Tests/integration/test_auth.py::TestAuthenticationFlow::test_login_success&#34;, &#34;duration&#34;: &#34;4 ms&#34;, &#34;resultsTableRow&#34;: [&#34;&lt;td class=\&#34;col-result\&#34;&gt;Failed&lt;/td&gt;&#34;, &#34;&lt;td class=\&#34;col-testId\&#34;&gt;Tests/integration/test_auth.py::TestAuthenticationFlow::test_login_success&lt;/td&gt;&#34;, &#34;&lt;td class=\&#34;col-duration\&#34;&gt;4 ms&lt;/td&gt;&#34;, &#34;&lt;td class=\&#34;col-links\&#34;&gt;&lt;/td&gt;&#34;], &#34;log&#34;: &#34;self = &amp;lt;test_auth.TestAuthenticationFlow object at 0x000001B24A3A6D90&amp;gt;, api_client = &amp;lt;rest_framework.test.APIClient object at 0x000001B24CD57A30&amp;gt;\n\n    def test_login_success(self, api_client):\n        # First create user\n&amp;gt;       user = User.objects.create_user(\n            username=&amp;quot;loginbunny&amp;quot;,\n            password=&amp;quot;testpass123&amp;quot;\n        )\nE       AttributeError: &amp;#x27;str&amp;#x27; object has no attribute &amp;#x27;objects&amp;#x27;\n\nTests\\integration\\test_auth.py:31: AttributeError\n&#34;}], &#34;Tests/integration/test_auth.py::TestAuthenticationFlow::test_protected_endpoint_requires_auth&#34;: [{&#34;extras&#34;: [], &#34;result&#34;: &#34;Failed&#34;, &#34;testId&#34;: &#34;Tests/integration/test_auth.py::TestAuthenticationFlow::test_protected_endpoint_requires_auth&#34;, &#34;duration&#34;: &#34;5 ms&#34;, &#34;resultsTableRow&#34;: [&#34;&lt;td class=\&#34;col-result\&#34;&gt;Failed&lt;/td&gt;&#34;, &#34;&lt;td class=\&#34;col-testId\&#34;&gt;Tests/integration/test_auth.py::TestAuthenticationFlow::test_protected_endpoint_requires_auth&lt;/td&gt;&#34;, &#34;&lt;td class=\&#34;col-duration\&#34;&gt;5 ms&lt;/td&gt;&#34;, &#34;&lt;td class=\&#34;col-links\&#34;&gt;&lt;/td&gt;&#34;], &#34;log&#34;: &#34;self = &amp;lt;test_auth.TestAuthenticationFlow object at 0x000001B24A3BD160&amp;gt;, api_client = &amp;lt;rest_framework.test.APIClient object at 0x000001B24CD57A90&amp;gt;\n\n    def test_protected_endpoint_requires_auth(self, api_client):\n        url = reverse(&amp;quot;tasks-list&amp;quot;)  # example protected endpoint\n    \n        # Without auth \u2192 401\n        response = api_client.get(url)\n        assert response.status_code == 401\n    \n        # With auth \u2192 200\n&amp;gt;       api_client.force_authenticate(user=User.objects.first())\nE       AttributeError: &amp;#x27;str&amp;#x27; object has no attribute &amp;#x27;objects&amp;#x27;\n\nTests\\integration\\test_auth.py:56: AttributeError\n\n------------------------------ Captured log call -------------------------------\nWARNING  django.request:log.py:241 Unauthorized: /api/tasks/\n\n&#34;}], &#34;Tests/integration/test_auth_permissions.py::TestPermissionsAcrossEndpoints::test_user_cannot_access_other_users_data&#34;: [{&#34;extras&#34;: [], &#34;result&#34;: &#34;Failed&#34;, &#34;testId&#34;: &#34;Tests/integration/test_auth_permissions.py::TestPermissionsAcrossEndpoints::test_user_cannot_access_other_users_data&#34;, &#34;duration&#34;: &#34;402 ms&#34;, &#34;resultsTableRow&#34;: [&#34;&lt;td class=\&#34;col-result\&#34;&gt;Failed&lt;/td&gt;&#34;, &#34;&lt;td class=\&#34;col-testId\&#34;&gt;Tests/integration/test_auth_permissions.py::TestPermissionsAcrossEndpoints::test_user_cannot_access_other_users_data&lt;/td&gt;&#34;, &#34;&lt;td class=\&#34;col-duration\&#34;&gt;402 ms&lt;/td&gt;&#34;, &#34;&lt;td class=\&#34;col-links\&#34;&gt;&lt;/td&gt;&#34;], &#34;log&#34;: &#34;self = &amp;lt;test_auth_permissions.TestPermissionsAcrossEndpoints object at 0x000001B24A3BD8B0&amp;gt;, api_client = &amp;lt;rest_framework.test.APIClient object at 0x000001B24CC20370&amp;gt;\nauthenticated_client = &amp;lt;rest_framework.test.APIClient object at 0x000001B24CC20370&amp;gt;\n\n    def test_user_cannot_access_other_users_data(self, api_client, authenticated_client):\n        # User A creates task\n        task_data = {&amp;quot;title&amp;quot;: &amp;quot;My private task&amp;quot;, &amp;quot;priority&amp;quot;: &amp;quot;medium&amp;quot;}\n        task_resp = authenticated_client.post(reverse(&amp;quot;tasks-list&amp;quot;), task_data, format=&amp;quot;json&amp;quot;)\n        task_id = task_resp.data[&amp;quot;id&amp;quot;]\n    \n        # Create User B\n&amp;gt;       user_b = User.objects.create_user(username=&amp;quot;userb&amp;quot;, password=&amp;quot;test123&amp;quot;)\nE       AttributeError: &amp;#x27;str&amp;#x27; object has no attribute &amp;#x27;objects&amp;#x27;\n\nTests\\integration\\test_auth_permissions.py:17: AttributeError\n&#34;}], &#34;Tests/integration/test_focus_reward.py::TestFocusSessionIntegration::test_flow_mode_daily_limit_enforced&#34;: [{&#34;extras&#34;: [], &#34;result&#34;: &#34;Failed&#34;, &#34;testId&#34;: &#34;Tests/integration/test_focus_reward.py::TestFocusSessionIntegration::test_flow_mode_daily_limit_enforced&#34;, &#34;duration&#34;: &#34;386 ms&#34;, &#34;resultsTableRow&#34;: [&#34;&lt;td class=\&#34;col-result\&#34;&gt;Failed&lt;/td&gt;&#34;, &#34;&lt;td class=\&#34;col-testId\&#34;&gt;Tests/integration/test_focus_reward.py::TestFocusSessionIntegration::test_flow_mode_daily_limit_enforced&lt;/td&gt;&#34;, &#34;&lt;td class=\&#34;col-duration\&#34;&gt;386 ms&lt;/td&gt;&#34;, &#34;&lt;td class=\&#34;col-links\&#34;&gt;&lt;/td&gt;&#34;], &#34;log&#34;: &#34;self = &amp;lt;test_focus_reward.TestFocusSessionIntegration object at 0x000001B24A3E62B0&amp;gt;, authenticated_client = &amp;lt;rest_framework.test.APIClient object at 0x000001B24CE406D0&amp;gt;\n\n    def test_flow_mode_daily_limit_enforced(self, authenticated_client):\n&amp;gt;       url = reverse(&amp;quot;focus-sessions-start&amp;quot;)\n\nTests\\integration\\test_focus_reward.py:13: \n_ _ _ _ _ _ _ _ _ _ _ _ _ _ _ _ _ _ _ _ _ _ _ _ _ _ _ _ _ _ _ _ _ _ _ _ _ _ _ _ _ _ _ _ _ _ _ _ _ _ _ _ _ _ _ _ _ _ _ _ _ _ _ _ _ _ _ _ _ _ _ _ _ _ _ _ _ _ _ _ _ _ _ _ _ _ _ _ _ _ _\nC:\\python\\Python39\\lib\\site-packages\\django\\urls\\base.py:88: in reverse\n    return resolver._reverse_with_prefix(view, prefix, *args, **kwargs)\n_ _ _ _ _ _ _ _ _ _ _ _ _ _ _ _ _ _ _ _ _ _ _ _ _ _ _ _ _ _ _ _ _ _ _ _ _ _ _ _ _ _ _ _ _ _ _ _ _ _ _ _ _ _ _ _ _ _ _ _ _ _ _ _ _ _ _ _ _ _ _ _ _ _ _ _ _ _ _ _ _ _ _ _ _ _ _ _ _ _ _\n\nself = &amp;lt;URLResolver &amp;#x27;BunnySteps.urls&amp;#x27; (None:None) &amp;#x27;^/&amp;#x27;&amp;gt;, lookup_view = &amp;#x27;focus-sessions-start&amp;#x27;, _prefix = &amp;#x27;/&amp;#x27;, args = (), kwargs = {}, possibilities = []\n\n    def _reverse_with_prefix(self, lookup_view, _prefix, *args, **kwargs):\n        if args and kwargs:\n            raise ValueError(&amp;quot;Don&amp;#x27;t mix *args and **kwargs in call to reverse()!&amp;quot;)\n    \n        if not self._populated:\n            self._populate()\n    \n        possibilities = self.reverse_dict.getlist(lookup_view)\n    \n        for possibility, pattern, defaults, converters in possibilities:\n            for result, params in possibility:\n                if args:\n                    if len(args) != len(params):\n                        continue\n                    candidate_subs = dict(zip(params, args))\n                else:\n                    if set(kwargs).symmetric_difference(params).difference(defaults):\n                        continue\n                    matches = True\n                    for k, v in defaults.items():\n                        if k in params:\n                            continue\n                        if kwargs.get(k, v) != v:\n                            matches = False\n                            break\n                    if not matches:\n                        continue\n                    candidate_subs = kwargs\n                # Convert the candidate subs to text using Converter.to_url().\n                text_candidate_subs = {}\n                match = True\n                for k, v in candidate_subs.items():\n                    if k in converters:\n                        try:\n                            text_candidate_subs[k] = converters[k].to_url(v)\n                        except ValueError:\n                            match = False\n                            break\n                    else:\n                        text_candidate_subs[k] = str(v)\n                if not match:\n                    continue\n                # WSGI provides decoded URLs, without %xx escapes, and the URL\n                # resolver operates on such URLs. First substitute arguments\n                # without quoting to build a decoded URL and look for a match.\n                # Then, if we have a match, redo the substitution with quoted\n                # arguments in order to return a properly encoded URL.\n                candidate_pat = _prefix.replace(&amp;quot;%&amp;quot;, &amp;quot;%%&amp;quot;) + result\n                if re.search(\n                    &amp;quot;^%s%s&amp;quot; % (re.escape(_prefix), pattern),\n                    candidate_pat % text_candidate_subs,\n                ):\n                    # safe characters from `pchar` definition of RFC 3986\n                    url = quote(\n                        candidate_pat % text_candidate_subs,\n                        safe=RFC3986_SUBDELIMS + &amp;quot;/~:@&amp;quot;,\n                    )\n                    # Don&amp;#x27;t allow construction of scheme relative urls.\n                    return escape_leading_slashes(url)\n        # lookup_view can be URL name or callable, but callables are not\n        # friendly in error messages.\n        m = getattr(lookup_view, &amp;quot;__module__&amp;quot;, None)\n        n = getattr(lookup_view, &amp;quot;__name__&amp;quot;, None)\n        if m is not None and n is not None:\n            lookup_view_s = &amp;quot;%s.%s&amp;quot; % (m, n)\n        else:\n            lookup_view_s = lookup_view\n    \n        patterns = [pattern for (_, pattern, _, _) in possibilities]\n        if patterns:\n            if args:\n                arg_msg = &amp;quot;arguments &amp;#x27;%s&amp;#x27;&amp;quot; % (args,)\n            elif kwargs:\n                arg_msg = &amp;quot;keyword arguments &amp;#x27;%s&amp;#x27;&amp;quot; % kwargs\n            else:\n                arg_msg = &amp;quot;no arguments&amp;quot;\n            msg = &amp;quot;Reverse for &amp;#x27;%s&amp;#x27; with %s not found. %d pattern(s) tried: %s&amp;quot; % (\n                lookup_view_s,\n                arg_msg,\n                len(patterns),\n                patterns,\n            )\n        else:\n            msg = (\n                &amp;quot;Reverse for &amp;#x27;%(view)s&amp;#x27; not found. &amp;#x27;%(view)s&amp;#x27; is not &amp;quot;\n                &amp;quot;a valid view function or pattern name.&amp;quot; % {&amp;quot;view&amp;quot;: lookup_view_s}\n            )\n&amp;gt;       raise NoReverseMatch(msg)\nE       django.urls.exceptions.NoReverseMatch: Reverse for &amp;#x27;focus-sessions-start&amp;#x27; not found. &amp;#x27;focus-sessions-start&amp;#x27; is not a valid view function or pattern name.\n\nC:\\python\\Python39\\lib\\site-packages\\django\\urls\\resolvers.py:828: NoReverseMatch\n&#34;}], &#34;Tests/integration/test_notification_rewards.py::TestSideEffects::test_task_completion_creates_notification_and_reward&#34;: [{&#34;extras&#34;: [], &#34;result&#34;: &#34;Failed&#34;, &#34;testId&#34;: &#34;Tests/integration/test_notification_rewards.py::TestSideEffects::test_task_completion_creates_notification_and_reward&#34;, &#34;duration&#34;: &#34;437 ms&#34;, &#34;resultsTableRow&#34;: [&#34;&lt;td class=\&#34;col-result\&#34;&gt;Failed&lt;/td&gt;&#34;, &#34;&lt;td class=\&#34;col-testId\&#34;&gt;Tests/integration/test_notification_rewards.py::TestSideEffects::test_task_completion_creates_notification_and_reward&lt;/td&gt;&#34;, &#34;&lt;td class=\&#34;col-duration\&#34;&gt;437 ms&lt;/td&gt;&#34;, &#34;&lt;td class=\&#34;col-links\&#34;&gt;&lt;/td&gt;&#34;], &#34;log&#34;: &#34;self = &amp;lt;test_notification_rewards.TestSideEffects object at 0x000001B24A3E6790&amp;gt;, authenticated_client = &amp;lt;rest_framework.test.APIClient object at 0x000001B24C8B6100&amp;gt;\n\n    def test_task_completion_creates_notification_and_reward(self, authenticated_client):\n        # Create task\n        task_resp = authenticated_client.post(\n            reversed(&amp;quot;tasks-list&amp;quot;),\n            {&amp;quot;title&amp;quot;: &amp;quot;Test completion&amp;quot;, &amp;quot;status&amp;quot;: &amp;quot;in_progress&amp;quot;},\n            format=&amp;quot;json&amp;quot;\n        )\n&amp;gt;       task_id = task_resp.data[&amp;quot;id&amp;quot;]\nE       AttributeError: &amp;#x27;HttpResponseNotFound&amp;#x27; object has no attribute &amp;#x27;data&amp;#x27;\n\nTests\\integration\\test_notification_rewards.py:19: AttributeError\n\n------------------------------ Captured log call -------------------------------\nWARNING  django.request:log.py:241 Not Found: /&amp;lt;reversed object at 0x000001B24CC43A90&amp;gt;\n\n&#34;}], &#34;Tests/integration/test_session.py::TestFocusSessionFlow::test_start_and_end_session&#34;: [{&#34;extras&#34;: [], &#34;result&#34;: &#34;Failed&#34;, &#34;testId&#34;: &#34;Tests/integration/test_session.py::TestFocusSessionFlow::test_start_and_end_session&#34;, &#34;duration&#34;: &#34;388 ms&#34;, &#34;resultsTableRow&#34;: [&#34;&lt;td class=\&#34;col-result\&#34;&gt;Failed&lt;/td&gt;&#34;, &#34;&lt;td class=\&#34;col-testId\&#34;&gt;Tests/integration/test_session.py::TestFocusSessionFlow::test_start_and_end_session&lt;/td&gt;&#34;, &#34;&lt;td class=\&#34;col-duration\&#34;&gt;388 ms&lt;/td&gt;&#34;, &#34;&lt;td class=\&#34;col-links\&#34;&gt;&lt;/td&gt;&#34;], &#34;log&#34;: &#34;self = &amp;lt;test_session.TestFocusSessionFlow object at 0x000001B24A3E6D00&amp;gt;, authenticated_client = &amp;lt;rest_framework.test.APIClient object at 0x000001B24CE4AFD0&amp;gt;\n\n    def test_start_and_end_session(self, authenticated_client):\n        # Start\n&amp;gt;       start_url = reverse(&amp;quot;focus-sessions-start&amp;quot;)\n\nTests\\integration\\test_session.py:10: \n_ _ _ _ _ _ _ _ _ _ _ _ _ _ _ _ _ _ _ _ _ _ _ _ _ _ _ _ _ _ _ _ _ _ _ _ _ _ _ _ _ _ _ _ _ _ _ _ _ _ _ _ _ _ _ _ _ _ _ _ _ _ _ _ _ _ _ _ _ _ _ _ _ _ _ _ _ _ _ _ _ _ _ _ _ _ _ _ _ _ _\nC:\\python\\Python39\\lib\\site-packages\\django\\urls\\base.py:88: in reverse\n    return resolver._reverse_with_prefix(view, prefix, *args, **kwargs)\n_ _ _ _ _ _ _ _ _ _ _ _ _ _ _ _ _ _ _ _ _ _ _ _ _ _ _ _ _ _ _ _ _ _ _ _ _ _ _ _ _ _ _ _ _ _ _ _ _ _ _ _ _ _ _ _ _ _ _ _ _ _ _ _ _ _ _ _ _ _ _ _ _ _ _ _ _ _ _ _ _ _ _ _ _ _ _ _ _ _ _\n\nself = &amp;lt;URLResolver &amp;#x27;BunnySteps.urls&amp;#x27; (None:None) &amp;#x27;^/&amp;#x27;&amp;gt;, lookup_view = &amp;#x27;focus-sessions-start&amp;#x27;, _prefix = &amp;#x27;/&amp;#x27;, args = (), kwargs = {}, possibilities = []\n\n    def _reverse_with_prefix(self, lookup_view, _prefix, *args, **kwargs):\n        if args and kwargs:\n            raise ValueError(&amp;quot;Don&amp;#x27;t mix *args and **kwargs in call to reverse()!&amp;quot;)\n    \n        if not self._populated:\n            self._populate()\n    \n        possibilities = self.reverse_dict.getlist(lookup_view)\n    \n        for possibility, pattern, defaults, converters in possibilities:\n            for result, params in possibility:\n                if args:\n                    if len(args) != len(params):\n                        continue\n                    candidate_subs = dict(zip(params, args))\n                else:\n                    if set(kwargs).symmetric_difference(params).difference(defaults):\n                        continue\n                    matches = True\n                    for k, v in defaults.items():\n                        if k in params:\n                            continue\n                        if kwargs.get(k, v) != v:\n                            matches = False\n                            break\n                    if not matches:\n                        continue\n                    candidate_subs = kwargs\n                # Convert the candidate subs to text using Converter.to_url().\n                text_candidate_subs = {}\n                match = True\n                for k, v in candidate_subs.items():\n                    if k in converters:\n                        try:\n                            text_candidate_subs[k] = converters[k].to_url(v)\n                        except ValueError:\n                            match = False\n                            break\n                    else:\n                        text_candidate_subs[k] = str(v)\n                if not match:\n                    continue\n                # WSGI provides decoded URLs, without %xx escapes, and the URL\n                # resolver operates on such URLs. First substitute arguments\n                # without quoting to build a decoded URL and look for a match.\n                # Then, if we have a match, redo the substitution with quoted\n                # arguments in order to return a properly encoded URL.\n                candidate_pat = _prefix.replace(&amp;quot;%&amp;quot;, &amp;quot;%%&amp;quot;) + result\n                if re.search(\n                    &amp;quot;^%s%s&amp;quot; % (re.escape(_prefix), pattern),\n                    candidate_pat % text_candidate_subs,\n                ):\n                    # safe characters from `pchar` definition of RFC 3986\n                    url = quote(\n                        candidate_pat % text_candidate_subs,\n                        safe=RFC3986_SUBDELIMS + &amp;quot;/~:@&amp;quot;,\n                    )\n                    # Don&amp;#x27;t allow construction of scheme relative urls.\n                    return escape_leading_slashes(url)\n        # lookup_view can be URL name or callable, but callables are not\n        # friendly in error messages.\n        m = getattr(lookup_view, &amp;quot;__module__&amp;quot;, None)\n        n = getattr(lookup_view, &amp;quot;__name__&amp;quot;, None)\n        if m is not None and n is not None:\n            lookup_view_s = &amp;quot;%s.%s&amp;quot; % (m, n)\n        else:\n            lookup_view_s = lookup_view\n    \n        patterns = [pattern for (_, pattern, _, _) in possibilities]\n        if patterns:\n            if args:\n                arg_msg = &amp;quot;arguments &amp;#x27;%s&amp;#x27;&amp;quot; % (args,)\n            elif kwargs:\n                arg_msg = &amp;quot;keyword arguments &amp;#x27;%s&amp;#x27;&amp;quot; % kwargs\n            else:\n                arg_msg = &amp;quot;no arguments&amp;quot;\n            msg = &amp;quot;Reverse for &amp;#x27;%s&amp;#x27; with %s not found. %d pattern(s) tried: %s&amp;quot; % (\n                lookup_view_s,\n                arg_msg,\n                len(patterns),\n                patterns,\n            )\n        else:\n            msg = (\n                &amp;quot;Reverse for &amp;#x27;%(view)s&amp;#x27; not found. &amp;#x27;%(view)s&amp;#x27; is not &amp;quot;\n                &amp;quot;a valid view function or pattern name.&amp;quot; % {&amp;quot;view&amp;quot;: lookup_view_s}\n            )\n&amp;gt;       raise NoReverseMatch(msg)\nE       django.urls.exceptions.NoReverseMatch: Reverse for &amp;#x27;focus-sessions-start&amp;#x27; not found. &amp;#x27;focus-sessions-start&amp;#x27; is not a valid view function or pattern name.\n\nC:\\python\\Python39\\lib\\site-packages\\django\\urls\\resolvers.py:828: NoReverseMatch\n&#34;}], &#34;Tests/integration/test_shopping_expense.py::TestShoppingIntegration::test_create_impulsive_item_with_warning&#34;: [{&#34;extras&#34;: [], &#34;result&#34;: &#34;Failed&#34;, &#34;testId&#34;: &#34;Tests/integration/test_shopping_expense.py::TestShoppingIntegration::test_create_impulsive_item_with_warning&#34;, &#34;duration&#34;: &#34;400 ms&#34;, &#34;resultsTableRow&#34;: [&#34;&lt;td class=\&#34;col-result\&#34;&gt;Failed&lt;/td&gt;&#34;, &#34;&lt;td class=\&#34;col-testId\&#34;&gt;Tests/integration/test_shopping_expense.py::TestShoppingIntegration::test_create_impulsive_item_with_warning&lt;/td&gt;&#34;, &#34;&lt;td class=\&#34;col-duration\&#34;&gt;400 ms&lt;/td&gt;&#34;, &#34;&lt;td class=\&#34;col-links\&#34;&gt;&lt;/td&gt;&#34;], &#34;log&#34;: &#34;self = &amp;lt;test_shopping_expense.TestShoppingIntegration object at 0x000001B24A3FE940&amp;gt;, authenticated_client = &amp;lt;rest_framework.test.APIClient object at 0x000001B24CB102B0&amp;gt;\n\n    def test_create_impulsive_item_with_warning(self, authenticated_client):\n&amp;gt;       url = reverse(&amp;quot;shopping-items-list&amp;quot;)  # adjust if different\n\nTests\\integration\\test_shopping_expense.py:14: \n_ _ _ _ _ _ _ _ _ _ _ _ _ _ _ _ _ _ _ _ _ _ _ _ _ _ _ _ _ _ _ _ _ _ _ _ _ _ _ _ _ _ _ _ _ _ _ _ _ _ _ _ _ _ _ _ _ _ _ _ _ _ _ _ _ _ _ _ _ _ _ _ _ _ _ _ _ _ _ _ _ _ _ _ _ _ _ _ _ _ _\nC:\\python\\Python39\\lib\\site-packages\\django\\urls\\base.py:88: in reverse\n    return resolver._reverse_with_prefix(view, prefix, *args, **kwargs)\n_ _ _ _ _ _ _ _ _ _ _ _ _ _ _ _ _ _ _ _ _ _ _ _ _ _ _ _ _ _ _ _ _ _ _ _ _ _ _ _ _ _ _ _ _ _ _ _ _ _ _ _ _ _ _ _ _ _ _ _ _ _ _ _ _ _ _ _ _ _ _ _ _ _ _ _ _ _ _ _ _ _ _ _ _ _ _ _ _ _ _\n\nself = &amp;lt;URLResolver &amp;#x27;BunnySteps.urls&amp;#x27; (None:None) &amp;#x27;^/&amp;#x27;&amp;gt;, lookup_view = &amp;#x27;shopping-items-list&amp;#x27;, _prefix = &amp;#x27;/&amp;#x27;, args = (), kwargs = {}, possibilities = []\n\n    def _reverse_with_prefix(self, lookup_view, _prefix, *args, **kwargs):\n        if args and kwargs:\n            raise ValueError(&amp;quot;Don&amp;#x27;t mix *args and **kwargs in call to reverse()!&amp;quot;)\n    \n        if not self._populated:\n            self._populate()\n    \n        possibilities = self.reverse_dict.getlist(lookup_view)\n    \n        for possibility, pattern, defaults, converters in possibilities:\n            for result, params in possibility:\n                if args:\n                    if len(args) != len(params):\n                        continue\n                    candidate_subs = dict(zip(params, args))\n                else:\n                    if set(kwargs).symmetric_difference(params).difference(defaults):\n                        continue\n                    matches = True\n                    for k, v in defaults.items():\n                        if k in params:\n                            continue\n                        if kwargs.get(k, v) != v:\n                            matches = False\n                            break\n                    if not matches:\n                        continue\n                    candidate_subs = kwargs\n                # Convert the candidate subs to text using Converter.to_url().\n                text_candidate_subs = {}\n                match = True\n                for k, v in candidate_subs.items():\n                    if k in converters:\n                        try:\n                            text_candidate_subs[k] = converters[k].to_url(v)\n                        except ValueError:\n                            match = False\n                            break\n                    else:\n                        text_candidate_subs[k] = str(v)\n                if not match:\n                    continue\n                # WSGI provides decoded URLs, without %xx escapes, and the URL\n                # resolver operates on such URLs. First substitute arguments\n                # without quoting to build a decoded URL and look for a match.\n                # Then, if we have a match, redo the substitution with quoted\n                # arguments in order to return a properly encoded URL.\n                candidate_pat = _prefix.replace(&amp;quot;%&amp;quot;, &amp;quot;%%&amp;quot;) + result\n                if re.search(\n                    &amp;quot;^%s%s&amp;quot; % (re.escape(_prefix), pattern),\n                    candidate_pat % text_candidate_subs,\n                ):\n                    # safe characters from `pchar` definition of RFC 3986\n                    url = quote(\n                        candidate_pat % text_candidate_subs,\n                        safe=RFC3986_SUBDELIMS + &amp;quot;/~:@&amp;quot;,\n                    )\n                    # Don&amp;#x27;t allow construction of scheme relative urls.\n                    return escape_leading_slashes(url)\n        # lookup_view can be URL name or callable, but callables are not\n        # friendly in error messages.\n        m = getattr(lookup_view, &amp;quot;__module__&amp;quot;, None)\n        n = getattr(lookup_view, &amp;quot;__name__&amp;quot;, None)\n        if m is not None and n is not None:\n            lookup_view_s = &amp;quot;%s.%s&amp;quot; % (m, n)\n        else:\n            lookup_view_s = lookup_view\n    \n        patterns = [pattern for (_, pattern, _, _) in possibilities]\n        if patterns:\n            if args:\n                arg_msg = &amp;quot;arguments &amp;#x27;%s&amp;#x27;&amp;quot; % (args,)\n            elif kwargs:\n                arg_msg = &amp;quot;keyword arguments &amp;#x27;%s&amp;#x27;&amp;quot; % kwargs\n            else:\n                arg_msg = &amp;quot;no arguments&amp;quot;\n            msg = &amp;quot;Reverse for &amp;#x27;%s&amp;#x27; with %s not found. %d pattern(s) tried: %s&amp;quot; % (\n                lookup_view_s,\n                arg_msg,\n                len(patterns),\n                patterns,\n            )\n        else:\n            msg = (\n                &amp;quot;Reverse for &amp;#x27;%(view)s&amp;#x27; not found. &amp;#x27;%(view)s&amp;#x27; is not &amp;quot;\n                &amp;quot;a valid view function or pattern name.&amp;quot; % {&amp;quot;view&amp;quot;: lookup_view_s}\n            )\n&amp;gt;       raise NoReverseMatch(msg)\nE       django.urls.exceptions.NoReverseMatch: Reverse for &amp;#x27;shopping-items-list&amp;#x27; not found. &amp;#x27;shopping-items-list&amp;#x27; is not a valid view function or pattern name.\n\nC:\\python\\Python39\\lib\\site-packages\\django\\urls\\resolvers.py:828: NoReverseMatch\n&#34;}], &#34;Tests/integration/test_shopping_expense.py::TestShoppingIntegration::test_mark_item_as_purchased_creates_expense&#34;: [{&#34;extras&#34;: [], &#34;result&#34;: &#34;Failed&#34;, &#34;testId&#34;: &#34;Tests/integration/test_shopping_expense.py::TestShoppingIntegration::test_mark_item_as_purchased_creates_expense&#34;, &#34;duration&#34;: &#34;381 ms&#34;, &#34;resultsTableRow&#34;: [&#34;&lt;td class=\&#34;col-result\&#34;&gt;Failed&lt;/td&gt;&#34;, &#34;&lt;td class=\&#34;col-testId\&#34;&gt;Tests/integration/test_shopping_expense.py::TestShoppingIntegration::test_mark_item_as_purchased_creates_expense&lt;/td&gt;&#34;, &#34;&lt;td class=\&#34;col-duration\&#34;&gt;381 ms&lt;/td&gt;&#34;, &#34;&lt;td class=\&#34;col-links\&#34;&gt;&lt;/td&gt;&#34;], &#34;log&#34;: &#34;self = &amp;lt;test_shopping_expense.TestShoppingIntegration object at 0x000001B24A3FE4C0&amp;gt;, authenticated_client = &amp;lt;rest_framework.test.APIClient object at 0x000001B24CE61F70&amp;gt;\n\n    def test_mark_item_as_purchased_creates_expense(self, authenticated_client):\n        # Create shopping item\n        item_resp = authenticated_client.post(\n&amp;gt;           reverse(&amp;quot;shopping-items-list&amp;quot;),\n            {&amp;quot;name&amp;quot;: &amp;quot;New keyboard&amp;quot;, &amp;quot;estimated_cost&amp;quot;: &amp;quot;89.99&amp;quot;},\n            format=&amp;quot;json&amp;quot;\n        )\n\nTests\\integration\\test_shopping_expense.py:36: \n_ _ _ _ _ _ _ _ _ _ _ _ _ _ _ _ _ _ _ _ _ _ _ _ _ _ _ _ _ _ _ _ _ _ _ _ _ _ _ _ _ _ _ _ _ _ _ _ _ _ _ _ _ _ _ _ _ _ _ _ _ _ _ _ _ _ _ _ _ _ _ _ _ _ _ _ _ _ _ _ _ _ _ _ _ _ _ _ _ _ _\nC:\\python\\Python39\\lib\\site-packages\\django\\urls\\base.py:88: in reverse\n    return resolver._reverse_with_prefix(view, prefix, *args, **kwargs)\n_ _ _ _ _ _ _ _ _ _ _ _ _ _ _ _ _ _ _ _ _ _ _ _ _ _ _ _ _ _ _ _ _ _ _ _ _ _ _ _ _ _ _ _ _ _ _ _ _ _ _ _ _ _ _ _ _ _ _ _ _ _ _ _ _ _ _ _ _ _ _ _ _ _ _ _ _ _ _ _ _ _ _ _ _ _ _ _ _ _ _\n\nself = &amp;lt;URLResolver &amp;#x27;BunnySteps.urls&amp;#x27; (None:None) &amp;#x27;^/&amp;#x27;&amp;gt;, lookup_view = &amp;#x27;shopping-items-list&amp;#x27;, _prefix = &amp;#x27;/&amp;#x27;, args = (), kwargs = {}, possibilities = []\n\n    def _reverse_with_prefix(self, lookup_view, _prefix, *args, **kwargs):\n        if args and kwargs:\n            raise ValueError(&amp;quot;Don&amp;#x27;t mix *args and **kwargs in call to reverse()!&amp;quot;)\n    \n        if not self._populated:\n            self._populate()\n    \n        possibilities = self.reverse_dict.getlist(lookup_view)\n    \n        for possibility, pattern, defaults, converters in possibilities:\n            for result, params in possibility:\n                if args:\n                    if len(args) != len(params):\n                        continue\n                    candidate_subs = dict(zip(params, args))\n                else:\n                    if set(kwargs).symmetric_difference(params).difference(defaults):\n                        continue\n                    matches = True\n                    for k, v in defaults.items():\n                        if k in params:\n                            continue\n                        if kwargs.get(k, v) != v:\n                            matches = False\n                            break\n                    if not matches:\n                        continue\n                    candidate_subs = kwargs\n                # Convert the candidate subs to text using Converter.to_url().\n                text_candidate_subs = {}\n                match = True\n                for k, v in candidate_subs.items():\n                    if k in converters:\n                        try:\n                            text_candidate_subs[k] = converters[k].to_url(v)\n                        except ValueError:\n                            match = False\n                            break\n                    else:\n                        text_candidate_subs[k] = str(v)\n                if not match:\n                    continue\n                # WSGI provides decoded URLs, without %xx escapes, and the URL\n                # resolver operates on such URLs. First substitute arguments\n                # without quoting to build a decoded URL and look for a match.\n                # Then, if we have a match, redo the substitution with quoted\n                # arguments in order to return a properly encoded URL.\n                candidate_pat = _prefix.replace(&amp;quot;%&amp;quot;, &amp;quot;%%&amp;quot;) + result\n                if re.search(\n                    &amp;quot;^%s%s&amp;quot; % (re.escape(_prefix), pattern),\n                    candidate_pat % text_candidate_subs,\n                ):\n                    # safe characters from `pchar` definition of RFC 3986\n                    url = quote(\n                        candidate_pat % text_candidate_subs,\n                        safe=RFC3986_SUBDELIMS + &amp;quot;/~:@&amp;quot;,\n                    )\n                    # Don&amp;#x27;t allow construction of scheme relative urls.\n                    return escape_leading_slashes(url)\n        # lookup_view can be URL name or callable, but callables are not\n        # friendly in error messages.\n        m = getattr(lookup_view, &amp;quot;__module__&amp;quot;, None)\n        n = getattr(lookup_view, &amp;quot;__name__&amp;quot;, None)\n        if m is not None and n is not None:\n            lookup_view_s = &amp;quot;%s.%s&amp;quot; % (m, n)\n        else:\n            lookup_view_s = lookup_view\n    \n        patterns = [pattern for (_, pattern, _, _) in possibilities]\n        if patterns:\n            if args:\n                arg_msg = &amp;quot;arguments &amp;#x27;%s&amp;#x27;&amp;quot; % (args,)\n            elif kwargs:\n                arg_msg = &amp;quot;keyword arguments &amp;#x27;%s&amp;#x27;&amp;quot; % kwargs\n            else:\n                arg_msg = &amp;quot;no arguments&amp;quot;\n            msg = &amp;quot;Reverse for &amp;#x27;%s&amp;#x27; with %s not found. %d pattern(s) tried: %s&amp;quot; % (\n                lookup_view_s,\n                arg_msg,\n                len(patterns),\n                patterns,\n            )\n        else:\n            msg = (\n                &amp;quot;Reverse for &amp;#x27;%(view)s&amp;#x27; not found. &amp;#x27;%(view)s&amp;#x27; is not &amp;quot;\n                &amp;quot;a valid view function or pattern name.&amp;quot; % {&amp;quot;view&amp;quot;: lookup_view_s}\n            )\n&amp;gt;       raise NoReverseMatch(msg)\nE       django.urls.exceptions.NoReverseMatch: Reverse for &amp;#x27;shopping-items-list&amp;#x27; not found. &amp;#x27;shopping-items-list&amp;#x27; is not a valid view function or pattern name.\n\nC:\\python\\Python39\\lib\\site-packages\\django\\urls\\resolvers.py:828: NoReverseMatch\n&#34;}], &#34;Tests/integration/test_tasks_transition.py::TestTaskEndpoints::test_create_and_own_task&#34;: [{&#34;extras&#34;: [], &#34;result&#34;: &#34;Failed&#34;, &#34;testId&#34;: &#34;Tests/integration/test_tasks_transition.py::TestTaskEndpoints::test_create_and_own_task&#34;, &#34;duration&#34;: &#34;417 ms&#34;, &#34;resultsTableRow&#34;: [&#34;&lt;td class=\&#34;col-result\&#34;&gt;Failed&lt;/td&gt;&#34;, &#34;&lt;td class=\&#34;col-testId\&#34;&gt;Tests/integration/test_tasks_transition.py::TestTaskEndpoints::test_create_and_own_task&lt;/td&gt;&#34;, &#34;&lt;td class=\&#34;col-duration\&#34;&gt;417 ms&lt;/td&gt;&#34;, &#34;&lt;td class=\&#34;col-links\&#34;&gt;&lt;/td&gt;&#34;], &#34;log&#34;: &#34;self = &amp;lt;test_tasks_transition.TestTaskEndpoints object at 0x000001B24A3E5370&amp;gt;, authenticated_client = &amp;lt;rest_framework.test.APIClient object at 0x000001B24CCB6670&amp;gt;\n\n    def test_create_and_own_task(self, authenticated_client):\n        url = reverse(&amp;quot;tasks-list&amp;quot;)\n        data = {\n            &amp;quot;title&amp;quot;: &amp;quot;Buy more carrots&amp;quot;,\n            &amp;quot;priority&amp;quot;: &amp;quot;high&amp;quot;,\n            &amp;quot;status&amp;quot;: &amp;quot;todo&amp;quot;,\n            &amp;quot;estimated_minutes&amp;quot;: 15\n        }\n    \n        response = authenticated_client.post(url, data, format=&amp;quot;json&amp;quot;)\n    \n        assert response.status_code == status.HTTP_201_CREATED\n        assert response.data[&amp;quot;title&amp;quot;] == &amp;quot;Buy more carrots&amp;quot;\n&amp;gt;       assert response.data[&amp;quot;user&amp;quot;] == authenticated_client.user.id  # if you expose it\nE       KeyError: &amp;#x27;user&amp;#x27;\n\nTests\\integration\\test_tasks_transition.py:25: KeyError\n&#34;}], &#34;Tests/integration/test_tasks_transition.py::TestTaskEndpoints::test_cannot_see_other_users_task&#34;: [{&#34;extras&#34;: [], &#34;result&#34;: &#34;Failed&#34;, &#34;testId&#34;: &#34;Tests/integration/test_tasks_transition.py::TestTaskEndpoints::test_cannot_see_other_users_task&#34;, &#34;duration&#34;: &#34;391 ms&#34;, &#34;resultsTableRow&#34;: [&#34;&lt;td class=\&#34;col-result\&#34;&gt;Failed&lt;/td&gt;&#34;, &#34;&lt;td class=\&#34;col-testId\&#34;&gt;Tests/integration/test_tasks_transition.py::TestTaskEndpoints::test_cannot_see_other_users_task&lt;/td&gt;&#34;, &#34;&lt;td class=\&#34;col-duration\&#34;&gt;391 ms&lt;/td&gt;&#34;, &#34;&lt;td class=\&#34;col-links\&#34;&gt;&lt;/td&gt;&#34;], &#34;log&#34;: &#34;self = &amp;lt;test_tasks_transition.TestTaskEndpoints object at 0x000001B24A3E5460&amp;gt;, api_client = &amp;lt;rest_framework.test.APIClient object at 0x000001B24CB2A910&amp;gt;\nauthenticated_client = &amp;lt;rest_framework.test.APIClient object at 0x000001B24CB2A910&amp;gt;\n\n    def test_cannot_see_other_users_task(self, api_client, authenticated_client):\n        # User A creates task\n        task = authenticated_client.post(\n            reverse(&amp;quot;tasks-list&amp;quot;),\n            {&amp;quot;title&amp;quot;: &amp;quot;Secret task&amp;quot;},\n            format=&amp;quot;json&amp;quot;\n        ).data[&amp;quot;id&amp;quot;]\n    \n        # User B (unauthenticated here) cannot see it\n        response = api_client.get(reverse(&amp;quot;tasks-list&amp;quot;))\n&amp;gt;       assert response.status_code == 401  # or 403 depending on your auth\nE       assert 200 == 401\nE        +  where 200 = &amp;lt;Response status_code=200, &amp;quot;application/json&amp;quot;&amp;gt;.status_code\n\nTests\\integration\\test_tasks_transition.py:44: AssertionError\n&#34;}], &#34;Tests/integration/test_tasks_transition.py::TestTaskEndpoints::test_complete_task_action&#34;: [{&#34;extras&#34;: [], &#34;result&#34;: &#34;Passed&#34;, &#34;testId&#34;: &#34;Tests/integration/test_tasks_transition.py::TestTaskEndpoints::test_complete_task_action&#34;, &#34;duration&#34;: &#34;399 ms&#34;, &#34;resultsTableRow&#34;: [&#34;&lt;td class=\&#34;col-result\&#34;&gt;Passed&lt;/td&gt;&#34;, &#34;&lt;td class=\&#34;col-testId\&#34;&gt;Tests/integration/test_tasks_transition.py::TestTaskEndpoints::test_complete_task_action&lt;/td&gt;&#34;, &#34;&lt;td class=\&#34;col-duration\&#34;&gt;399 ms&lt;/td&gt;&#34;, &#34;&lt;td class=\&#34;col-links\&#34;&gt;&lt;/td&gt;&#34;], &#34;log&#34;: &#34;No log output captured.&#34;}], &#34;Tests/unit/test_focus_sessions.py::TestFocusSessionModel::test_create_basic_session&#34;: [{&#34;extras&#34;: [], &#34;result&#34;: &#34;Passed&#34;, &#34;testId&#34;: &#34;Tests/unit/test_focus_sessions.py::TestFocusSessionModel::test_create_basic_session&#34;, &#34;duration&#34;: &#34;406 ms&#34;, &#34;resultsTableRow&#34;: [&#34;&lt;td class=\&#34;col-result\&#34;&gt;Passed&lt;/td&gt;&#34;, &#34;&lt;td class=\&#34;col-testId\&#34;&gt;Tests/unit/test_focus_sessions.py::TestFocusSessionModel::test_create_basic_session&lt;/td&gt;&#34;, &#34;&lt;td class=\&#34;col-duration\&#34;&gt;406 ms&lt;/td&gt;&#34;, &#34;&lt;td class=\&#34;col-links\&#34;&gt;&lt;/td&gt;&#34;], &#34;log&#34;: &#34;No log output captured.&#34;}], &#34;Tests/unit/test_focus_sessions.py::TestFocusSessionModel::test_calculate_effective_minutes_on_end&#34;: [{&#34;extras&#34;: [], &#34;result&#34;: &#34;Passed&#34;, &#34;testId&#34;: &#34;Tests/unit/test_focus_sessions.py::TestFocusSessionModel::test_calculate_effective_minutes_on_end&#34;, &#34;duration&#34;: &#34;386 ms&#34;, &#34;resultsTableRow&#34;: [&#34;&lt;td class=\&#34;col-result\&#34;&gt;Passed&lt;/td&gt;&#34;, &#34;&lt;td class=\&#34;col-testId\&#34;&gt;Tests/unit/test_focus_sessions.py::TestFocusSessionModel::test_calculate_effective_minutes_on_end&lt;/td&gt;&#34;, &#34;&lt;td class=\&#34;col-duration\&#34;&gt;386 ms&lt;/td&gt;&#34;, &#34;&lt;td class=\&#34;col-links\&#34;&gt;&lt;/td&gt;&#34;], &#34;log&#34;: &#34;No log output captured.&#34;}], &#34;Tests/unit/test_focus_sessions.py::TestFocusSessionModel::test_session_with_related_tasks&#34;: [{&#34;extras&#34;: [], &#34;result&#34;: &#34;Passed&#34;, &#34;testId&#34;: &#34;Tests/unit/test_focus_sessions.py::TestFocusSessionModel::test_session_with_related_tasks&#34;, &#34;duration&#34;: &#34;395 ms&#34;, &#34;resultsTableRow&#34;: [&#34;&lt;td class=\&#34;col-result\&#34;&gt;Passed&lt;/td&gt;&#34;, &#34;&lt;td class=\&#34;col-testId\&#34;&gt;Tests/unit/test_focus_sessions.py::TestFocusSessionModel::test_session_with_related_tasks&lt;/td&gt;&#34;, &#34;&lt;td class=\&#34;col-duration\&#34;&gt;395 ms&lt;/td&gt;&#34;, &#34;&lt;td class=\&#34;col-links\&#34;&gt;&lt;/td&gt;&#34;], &#34;log&#34;: &#34;No log output captured.&#34;}], &#34;Tests/unit/test_focus_sessions.py::TestFocusSessionSerializer::test_start_serializer_validation&#34;: [{&#34;extras&#34;: [], &#34;result&#34;: &#34;Passed&#34;, &#34;testId&#34;: &#34;Tests/unit/test_focus_sessions.py::TestFocusSessionSerializer::test_start_serializer_validation&#34;, &#34;duration&#34;: &#34;391 ms&#34;, &#34;resultsTableRow&#34;: [&#34;&lt;td class=\&#34;col-result\&#34;&gt;Passed&lt;/td&gt;&#34;, &#34;&lt;td class=\&#34;col-testId\&#34;&gt;Tests/unit/test_focus_sessions.py::TestFocusSessionSerializer::test_start_serializer_validation&lt;/td&gt;&#34;, &#34;&lt;td class=\&#34;col-duration\&#34;&gt;391 ms&lt;/td&gt;&#34;, &#34;&lt;td class=\&#34;col-links\&#34;&gt;&lt;/td&gt;&#34;], &#34;log&#34;: &#34;No log output captured.&#34;}], &#34;Tests/unit/test_focus_sessions.py::TestFocusSessionSerializer::test_full_session_serializer_read&#34;: [{&#34;extras&#34;: [], &#34;result&#34;: &#34;Passed&#34;, &#34;testId&#34;: &#34;Tests/unit/test_focus_sessions.py::TestFocusSessionSerializer::test_full_session_serializer_read&#34;, &#34;duration&#34;: &#34;387 ms&#34;, &#34;resultsTableRow&#34;: [&#34;&lt;td class=\&#34;col-result\&#34;&gt;Passed&lt;/td&gt;&#34;, &#34;&lt;td class=\&#34;col-testId\&#34;&gt;Tests/unit/test_focus_sessions.py::TestFocusSessionSerializer::test_full_session_serializer_read&lt;/td&gt;&#34;, &#34;&lt;td class=\&#34;col-duration\&#34;&gt;387 ms&lt;/td&gt;&#34;, &#34;&lt;td class=\&#34;col-links\&#34;&gt;&lt;/td&gt;&#34;], &#34;log&#34;: &#34;No log output captured.&#34;}], &#34;Tests/unit/test_focus_sessions.py::TestFocusSessionViewSet::test_start_new_session&#34;: [{&#34;extras&#34;: [], &#34;result&#34;: &#34;Passed&#34;, &#34;testId&#34;: &#34;Tests/unit/test_focus_sessions.py::TestFocusSessionViewSet::test_start_new_session&#34;, &#34;duration&#34;: &#34;395 ms&#34;, &#34;resultsTableRow&#34;: [&#34;&lt;td class=\&#34;col-result\&#34;&gt;Passed&lt;/td&gt;&#34;, &#34;&lt;td class=\&#34;col-testId\&#34;&gt;Tests/unit/test_focus_sessions.py::TestFocusSessionViewSet::test_start_new_session&lt;/td&gt;&#34;, &#34;&lt;td class=\&#34;col-duration\&#34;&gt;395 ms&lt;/td&gt;&#34;, &#34;&lt;td class=\&#34;col-links\&#34;&gt;&lt;/td&gt;&#34;], &#34;log&#34;: &#34;No log output captured.&#34;}], &#34;Tests/unit/test_focus_sessions.py::TestFocusSessionViewSet::test_end_session&#34;: [{&#34;extras&#34;: [], &#34;result&#34;: &#34;Passed&#34;, &#34;testId&#34;: &#34;Tests/unit/test_focus_sessions.py::TestFocusSessionViewSet::test_end_session&#34;, &#34;duration&#34;: &#34;383 ms&#34;, &#34;resultsTableRow&#34;: [&#34;&lt;td class=\&#34;col-result\&#34;&gt;Passed&lt;/td&gt;&#34;, &#34;&lt;td class=\&#34;col-testId\&#34;&gt;Tests/unit/test_focus_sessions.py::TestFocusSessionViewSet::test_end_session&lt;/td&gt;&#34;, &#34;&lt;td class=\&#34;col-duration\&#34;&gt;383 ms&lt;/td&gt;&#34;, &#34;&lt;td class=\&#34;col-links\&#34;&gt;&lt;/td&gt;&#34;], &#34;log&#34;: &#34;No log output captured.&#34;}], &#34;Tests/unit/test_focus_sessions.py::TestFocusSessionViewSet::test_cannot_end_already_ended_session&#34;: [{&#34;extras&#34;: [], &#34;result&#34;: &#34;Passed&#34;, &#34;testId&#34;: &#34;Tests/unit/test_focus_sessions.py::TestFocusSessionViewSet::test_cannot_end_already_ended_session&#34;, &#34;duration&#34;: &#34;386 ms&#34;, &#34;resultsTableRow&#34;: [&#34;&lt;td class=\&#34;col-result\&#34;&gt;Passed&lt;/td&gt;&#34;, &#34;&lt;td class=\&#34;col-testId\&#34;&gt;Tests/unit/test_focus_sessions.py::TestFocusSessionViewSet::test_cannot_end_already_ended_session&lt;/td&gt;&#34;, &#34;&lt;td class=\&#34;col-duration\&#34;&gt;386 ms&lt;/td&gt;&#34;, &#34;&lt;td class=\&#34;col-links\&#34;&gt;&lt;/td&gt;&#34;], &#34;log&#34;: &#34;------------------------------ Captured log call -------------------------------\nWARNING  django.request:log.py:241 Bad Request: /api/focus-sessions/1/end/\n\n&#34;}], &#34;Tests/unit/test_focus_sessions.py::TestFocusSessionViewSet::test_flow_allowed_limit&#34;: [{&#34;extras&#34;: [], &#34;result&#34;: &#34;Passed&#34;, &#34;testId&#34;: &#34;Tests/unit/test_focus_sessions.py::TestFocusSessionViewSet::test_flow_allowed_limit&#34;, &#34;duration&#34;: &#34;392 ms&#34;, &#34;resultsTableRow&#34;: [&#34;&lt;td class=\&#34;col-result\&#34;&gt;Passed&lt;/td&gt;&#34;, &#34;&lt;td class=\&#34;col-testId\&#34;&gt;Tests/unit/test_focus_sessions.py::TestFocusSessionViewSet::test_flow_allowed_limit&lt;/td&gt;&#34;, &#34;&lt;td class=\&#34;col-duration\&#34;&gt;392 ms&lt;/td&gt;&#34;, &#34;&lt;td class=\&#34;col-links\&#34;&gt;&lt;/td&gt;&#34;], &#34;log&#34;: &#34;No log output captured.&#34;}], &#34;Tests/unit/test_focus_sessions.py::TestFocusRewardIntegration::test_focus_completion_gives_rewards&#34;: [{&#34;extras&#34;: [], &#34;result&#34;: &#34;Failed&#34;, &#34;testId&#34;: &#34;Tests/unit/test_focus_sessions.py::TestFocusRewardIntegration::test_focus_completion_gives_rewards&#34;, &#34;duration&#34;: &#34;387 ms&#34;, &#34;resultsTableRow&#34;: [&#34;&lt;td class=\&#34;col-result\&#34;&gt;Failed&lt;/td&gt;&#34;, &#34;&lt;td class=\&#34;col-testId\&#34;&gt;Tests/unit/test_focus_sessions.py::TestFocusRewardIntegration::test_focus_completion_gives_rewards&lt;/td&gt;&#34;, &#34;&lt;td class=\&#34;col-duration\&#34;&gt;387 ms&lt;/td&gt;&#34;, &#34;&lt;td class=\&#34;col-links\&#34;&gt;&lt;/td&gt;&#34;], &#34;log&#34;: &#34;self = &amp;lt;test_focus_sessions.TestFocusRewardIntegration object at 0x000001B24A4056D0&amp;gt;, user = &amp;lt;User: rewardfocus&amp;gt;\n\n    def test_focus_completion_gives_rewards(self, user):\n        session = FocusSession.objects.create(\n            user=user,\n            mode_name=&amp;quot;Deep Work&amp;quot;,\n            started_at=timezone.now() - timedelta(minutes=67),\n            ended_at=timezone.now()\n        )\n    \n        # Trigger save \u2192 reward signal\n        session.save()\n    \n        summary = RewardSummary.objects.get(user=user)\n&amp;gt;       assert summary.xp &amp;gt;= 67\nE       assert 17 &amp;gt;= 67\nE        +  where 17 = &amp;lt;RewardSummary: rewardfocus - Level 2&amp;gt;.xp\n\nTests\\unit\\test_focus_sessions.py:207: AssertionError\n&#34;}], &#34;Tests/unit/test_hobbies.py::TestHobbyModel::test_create_basic_hobby&#34;: [{&#34;extras&#34;: [], &#34;result&#34;: &#34;Failed&#34;, &#34;testId&#34;: &#34;Tests/unit/test_hobbies.py::TestHobbyModel::test_create_basic_hobby&#34;, &#34;duration&#34;: &#34;419 ms&#34;, &#34;resultsTableRow&#34;: [&#34;&lt;td class=\&#34;col-result\&#34;&gt;Failed&lt;/td&gt;&#34;, &#34;&lt;td class=\&#34;col-testId\&#34;&gt;Tests/unit/test_hobbies.py::TestHobbyModel::test_create_basic_hobby&lt;/td&gt;&#34;, &#34;&lt;td class=\&#34;col-duration\&#34;&gt;419 ms&lt;/td&gt;&#34;, &#34;&lt;td class=\&#34;col-links\&#34;&gt;&lt;/td&gt;&#34;], &#34;log&#34;: &#34;self = &amp;lt;test_hobbies.TestHobbyModel object at 0x000001B24A427D60&amp;gt;, user = &amp;lt;User: hobbybunny&amp;gt;\n\n    def test_create_basic_hobby(self, user):\n        hobby = Hobby.objects.create(\n            user=user,\n            name=&amp;quot;Urban Gardening&amp;quot;,\n            description=&amp;quot;Growing herbs and veggies on the balcony&amp;quot;,\n            frozen=False\n        )\n    \n        assert hobby.name == &amp;quot;Urban Gardening&amp;quot;\n        assert hobby.description.startswith(&amp;quot;Growing&amp;quot;)\n        assert hobby.frozen is False\n&amp;gt;       assert str(hobby).endswith(&amp;quot;(user)&amp;quot;)\nE       AssertionError: assert False\nE        +  where False = &amp;lt;built-in method endswith of str object at 0x000001B24D1D80D0&amp;gt;(&amp;#x27;(user)&amp;#x27;)\nE        +    where &amp;lt;built-in method endswith of str object at 0x000001B24D1D80D0&amp;gt; = &amp;#x27;Urban Gardening (hobbybunny)&amp;#x27;.endswith\nE        +      where &amp;#x27;Urban Gardening (hobbybunny)&amp;#x27; = str(&amp;lt;Hobby: Urban Gardening (hobbybunny)&amp;gt;)\n\nTests\\unit\\test_hobbies.py:33: AssertionError\n&#34;}], &#34;Tests/unit/test_hobbies.py::TestHobbyModel::test_freeze_and_unfreeze_methods&#34;: [{&#34;extras&#34;: [], &#34;result&#34;: &#34;Passed&#34;, &#34;testId&#34;: &#34;Tests/unit/test_hobbies.py::TestHobbyModel::test_freeze_and_unfreeze_methods&#34;, &#34;duration&#34;: &#34;383 ms&#34;, &#34;resultsTableRow&#34;: [&#34;&lt;td class=\&#34;col-result\&#34;&gt;Passed&lt;/td&gt;&#34;, &#34;&lt;td class=\&#34;col-testId\&#34;&gt;Tests/unit/test_hobbies.py::TestHobbyModel::test_freeze_and_unfreeze_methods&lt;/td&gt;&#34;, &#34;&lt;td class=\&#34;col-duration\&#34;&gt;383 ms&lt;/td&gt;&#34;, &#34;&lt;td class=\&#34;col-links\&#34;&gt;&lt;/td&gt;&#34;], &#34;log&#34;: &#34;No log output captured.&#34;}], &#34;Tests/unit/test_hobbies.py::TestHobbyModel::test_hobby_uniqueness_per_user&#34;: [{&#34;extras&#34;: [], &#34;result&#34;: &#34;Failed&#34;, &#34;testId&#34;: &#34;Tests/unit/test_hobbies.py::TestHobbyModel::test_hobby_uniqueness_per_user&#34;, &#34;duration&#34;: &#34;381 ms&#34;, &#34;resultsTableRow&#34;: [&#34;&lt;td class=\&#34;col-result\&#34;&gt;Failed&lt;/td&gt;&#34;, &#34;&lt;td class=\&#34;col-testId\&#34;&gt;Tests/unit/test_hobbies.py::TestHobbyModel::test_hobby_uniqueness_per_user&lt;/td&gt;&#34;, &#34;&lt;td class=\&#34;col-duration\&#34;&gt;381 ms&lt;/td&gt;&#34;, &#34;&lt;td class=\&#34;col-links\&#34;&gt;&lt;/td&gt;&#34;], &#34;log&#34;: &#34;self = &amp;lt;test_hobbies.TestHobbyModel object at 0x000001B24A41A400&amp;gt;, user = &amp;lt;User: hobbybunny&amp;gt;\n\n    def test_hobby_uniqueness_per_user(self, user):\n        Hobby.objects.create(user=user, name=&amp;quot;Yoga&amp;quot;)\n    \n        with pytest.raises(Exception):  # IntegrityError expected\n&amp;gt;           Hobby.objects.create(user=user, name=&amp;quot;Yoga&amp;quot;)\nE           Failed: DID NOT RAISE &amp;lt;class &amp;#x27;Exception&amp;#x27;&amp;gt;\n\nTests\\unit\\test_hobbies.py:57: Failed\n&#34;}], &#34;Tests/unit/test_hobbies.py::TestHobbyActivityModel::test_create_activity&#34;: [{&#34;extras&#34;: [], &#34;result&#34;: &#34;Passed&#34;, &#34;testId&#34;: &#34;Tests/unit/test_hobbies.py::TestHobbyActivityModel::test_create_activity&#34;, &#34;duration&#34;: &#34;404 ms&#34;, &#34;resultsTableRow&#34;: [&#34;&lt;td class=\&#34;col-result\&#34;&gt;Passed&lt;/td&gt;&#34;, &#34;&lt;td class=\&#34;col-testId\&#34;&gt;Tests/unit/test_hobbies.py::TestHobbyActivityModel::test_create_activity&lt;/td&gt;&#34;, &#34;&lt;td class=\&#34;col-duration\&#34;&gt;404 ms&lt;/td&gt;&#34;, &#34;&lt;td class=\&#34;col-links\&#34;&gt;&lt;/td&gt;&#34;], &#34;log&#34;: &#34;No log output captured.&#34;}], &#34;Tests/unit/test_hobbies.py::TestHobbySerializers::test_hobby_serializer&#34;: [{&#34;extras&#34;: [], &#34;result&#34;: &#34;Passed&#34;, &#34;testId&#34;: &#34;Tests/unit/test_hobbies.py::TestHobbySerializers::test_hobby_serializer&#34;, &#34;duration&#34;: &#34;380 ms&#34;, &#34;resultsTableRow&#34;: [&#34;&lt;td class=\&#34;col-result\&#34;&gt;Passed&lt;/td&gt;&#34;, &#34;&lt;td class=\&#34;col-testId\&#34;&gt;Tests/unit/test_hobbies.py::TestHobbySerializers::test_hobby_serializer&lt;/td&gt;&#34;, &#34;&lt;td class=\&#34;col-duration\&#34;&gt;380 ms&lt;/td&gt;&#34;, &#34;&lt;td class=\&#34;col-links\&#34;&gt;&lt;/td&gt;&#34;], &#34;log&#34;: &#34;No log output captured.&#34;}], &#34;Tests/unit/test_hobbies.py::TestHobbySerializers::test_activity_serializer_with_custom_data&#34;: [{&#34;extras&#34;: [], &#34;result&#34;: &#34;Passed&#34;, &#34;testId&#34;: &#34;Tests/unit/test_hobbies.py::TestHobbySerializers::test_activity_serializer_with_custom_data&#34;, &#34;duration&#34;: &#34;496 ms&#34;, &#34;resultsTableRow&#34;: [&#34;&lt;td class=\&#34;col-result\&#34;&gt;Passed&lt;/td&gt;&#34;, &#34;&lt;td class=\&#34;col-testId\&#34;&gt;Tests/unit/test_hobbies.py::TestHobbySerializers::test_activity_serializer_with_custom_data&lt;/td&gt;&#34;, &#34;&lt;td class=\&#34;col-duration\&#34;&gt;496 ms&lt;/td&gt;&#34;, &#34;&lt;td class=\&#34;col-links\&#34;&gt;&lt;/td&gt;&#34;], &#34;log&#34;: &#34;No log output captured.&#34;}], &#34;Tests/unit/test_hobbies.py::TestHobbyViews::test_create_hobby&#34;: [{&#34;extras&#34;: [], &#34;result&#34;: &#34;Passed&#34;, &#34;testId&#34;: &#34;Tests/unit/test_hobbies.py::TestHobbyViews::test_create_hobby&#34;, &#34;duration&#34;: &#34;383 ms&#34;, &#34;resultsTableRow&#34;: [&#34;&lt;td class=\&#34;col-result\&#34;&gt;Passed&lt;/td&gt;&#34;, &#34;&lt;td class=\&#34;col-testId\&#34;&gt;Tests/unit/test_hobbies.py::TestHobbyViews::test_create_hobby&lt;/td&gt;&#34;, &#34;&lt;td class=\&#34;col-duration\&#34;&gt;383 ms&lt;/td&gt;&#34;, &#34;&lt;td class=\&#34;col-links\&#34;&gt;&lt;/td&gt;&#34;], &#34;log&#34;: &#34;No log output captured.&#34;}], &#34;Tests/unit/test_hobbies.py::TestHobbyViews::test_list_only_own_hobbies&#34;: [{&#34;extras&#34;: [], &#34;result&#34;: &#34;Passed&#34;, &#34;testId&#34;: &#34;Tests/unit/test_hobbies.py::TestHobbyViews::test_list_only_own_hobbies&#34;, &#34;duration&#34;: &#34;764 ms&#34;, &#34;resultsTableRow&#34;: [&#34;&lt;td class=\&#34;col-result\&#34;&gt;Passed&lt;/td&gt;&#34;, &#34;&lt;td class=\&#34;col-testId\&#34;&gt;Tests/unit/test_hobbies.py::TestHobbyViews::test_list_only_own_hobbies&lt;/td&gt;&#34;, &#34;&lt;td class=\&#34;col-duration\&#34;&gt;764 ms&lt;/td&gt;&#34;, &#34;&lt;td class=\&#34;col-links\&#34;&gt;&lt;/td&gt;&#34;], &#34;log&#34;: &#34;No log output captured.&#34;}], &#34;Tests/unit/test_hobbies.py::TestHobbyViews::test_toggle_freeze_action&#34;: [{&#34;extras&#34;: [], &#34;result&#34;: &#34;Passed&#34;, &#34;testId&#34;: &#34;Tests/unit/test_hobbies.py::TestHobbyViews::test_toggle_freeze_action&#34;, &#34;duration&#34;: &#34;394 ms&#34;, &#34;resultsTableRow&#34;: [&#34;&lt;td class=\&#34;col-result\&#34;&gt;Passed&lt;/td&gt;&#34;, &#34;&lt;td class=\&#34;col-testId\&#34;&gt;Tests/unit/test_hobbies.py::TestHobbyViews::test_toggle_freeze_action&lt;/td&gt;&#34;, &#34;&lt;td class=\&#34;col-duration\&#34;&gt;394 ms&lt;/td&gt;&#34;, &#34;&lt;td class=\&#34;col-links\&#34;&gt;&lt;/td&gt;&#34;], &#34;log&#34;: &#34;No log output captured.&#34;}], &#34;Tests/unit/test_hobbies.py::TestHobbyActivityEndpoints::test_create_activity_via_api&#34;: [{&#34;extras&#34;: [], &#34;result&#34;: &#34;Error&#34;, &#34;testId&#34;: &#34;Tests/unit/test_hobbies.py::TestHobbyActivityEndpoints::test_create_activity_via_api::setup&#34;, &#34;duration&#34;: &#34;2 ms&#34;, &#34;resultsTableRow&#34;: [&#34;&lt;td class=\&#34;col-result\&#34;&gt;Error&lt;/td&gt;&#34;, &#34;&lt;td class=\&#34;col-testId\&#34;&gt;Tests/unit/test_hobbies.py::TestHobbyActivityEndpoints::test_create_activity_via_api::setup&lt;/td&gt;&#34;, &#34;&lt;td class=\&#34;col-duration\&#34;&gt;2 ms&lt;/td&gt;&#34;, &#34;&lt;td class=\&#34;col-links\&#34;&gt;&lt;/td&gt;&#34;], &#34;log&#34;: &#34;file D:\\Internship1\\BunnyStepsWeb\\backend\\BunnySteps\\Tests\\unit\\test_hobbies.py, line 199\n      def test_create_activity_via_api(self, auth_client, user):\nfile D:\\Internship1\\BunnyStepsWeb\\backend\\BunnySteps\\Tests\\unit\\test_hobbies.py, line 194\n      @pytest.fixture\n      def auth_client(self, client, user):\nE       fixture &amp;#x27;user&amp;#x27; not found\n&amp;gt;       available fixtures: _dj_autoclear_mailbox, _django_clear_site_cache, _django_db_helper, _django_db_marker, _django_set_urlconf, _django_setup_unittest, _fail_for_invalid_template_variable, _live_server_helper, _session_faker, _template_string_if_invalid_marker, admin_client, admin_user, anyio_backend, anyio_backend_name, anyio_backend_options, api_client, async_client, async_rf, auth_client, authenticated_client, cache, capfd, capfdbinary, caplog, capsys, capsysbinary, client, cov, db, django_assert_max_num_queries, django_assert_num_queries, django_capture_on_commit_callbacks, django_db_blocker, django_db_createdb, django_db_keepdb, django_db_modify_db_settings, django_db_modify_db_settings_parallel_suffix, django_db_modify_db_settings_tox_suffix, django_db_modify_db_settings_xdist_suffix, django_db_reset_sequences, django_db_serialized_rollback, django_db_setup, django_db_use_migrations, django_mail_dnsname, django_mail_patch_dns, django_test_environment, django_user_model, django_username_field, doctest_namespace, extra, extras, faker, free_tcp_port, free_tcp_port_factory, free_udp_port, free_udp_port_factory, include_metadata_in_junit_xml, live_server, mailoutbox, metadata, monkeypatch, no_cover, pytestconfig, record_property, record_testsuite_property, record_xml_attribute, recwarn, rf, settings, tmp_path, tmp_path_factory, tmpdir, tmpdir_factory, transactional_db\n&amp;gt;       use &amp;#x27;pytest --fixtures [testpath]&amp;#x27; for help on them.\n\nD:\\Internship1\\BunnyStepsWeb\\backend\\BunnySteps\\Tests\\unit\\test_hobbies.py:194\n&#34;}], &#34;Tests/unit/test_moods.py::TestMoodLogModel::test_create_basic_mood_log&#34;: [{&#34;extras&#34;: [], &#34;result&#34;: &#34;Passed&#34;, &#34;testId&#34;: &#34;Tests/unit/test_moods.py::TestMoodLogModel::test_create_basic_mood_log&#34;, &#34;duration&#34;: &#34;398 ms&#34;, &#34;resultsTableRow&#34;: [&#34;&lt;td class=\&#34;col-result\&#34;&gt;Passed&lt;/td&gt;&#34;, &#34;&lt;td class=\&#34;col-testId\&#34;&gt;Tests/unit/test_moods.py::TestMoodLogModel::test_create_basic_mood_log&lt;/td&gt;&#34;, &#34;&lt;td class=\&#34;col-duration\&#34;&gt;398 ms&lt;/td&gt;&#34;, &#34;&lt;td class=\&#34;col-links\&#34;&gt;&lt;/td&gt;&#34;], &#34;log&#34;: &#34;No log output captured.&#34;}], &#34;Tests/unit/test_moods.py::TestMoodLogModel::test_rating_validation&#34;: [{&#34;extras&#34;: [], &#34;result&#34;: &#34;Failed&#34;, &#34;testId&#34;: &#34;Tests/unit/test_moods.py::TestMoodLogModel::test_rating_validation&#34;, &#34;duration&#34;: &#34;380 ms&#34;, &#34;resultsTableRow&#34;: [&#34;&lt;td class=\&#34;col-result\&#34;&gt;Failed&lt;/td&gt;&#34;, &#34;&lt;td class=\&#34;col-testId\&#34;&gt;Tests/unit/test_moods.py::TestMoodLogModel::test_rating_validation&lt;/td&gt;&#34;, &#34;&lt;td class=\&#34;col-duration\&#34;&gt;380 ms&lt;/td&gt;&#34;, &#34;&lt;td class=\&#34;col-links\&#34;&gt;&lt;/td&gt;&#34;], &#34;log&#34;: &#34;self = &amp;lt;test_moods.TestMoodLogModel object at 0x000001B24C7BA520&amp;gt;, user = &amp;lt;User: moodbunny&amp;gt;\n\n    def test_rating_validation(self, user):\n        # Assuming your model has validators=[MinValueValidator(1)]\n        with pytest.raises(Exception):  # ValidationError\n&amp;gt;           MoodLog.objects.create(user=user, mood=&amp;quot;neutral&amp;quot;, rating=0)\nE           Failed: DID NOT RAISE &amp;lt;class &amp;#x27;Exception&amp;#x27;&amp;gt;\n\nTests\\unit\\test_moods.py:40: Failed\n&#34;}], &#34;Tests/unit/test_moods.py::TestMoodLogModel::test_default_rating_none&#34;: [{&#34;extras&#34;: [], &#34;result&#34;: &#34;Passed&#34;, &#34;testId&#34;: &#34;Tests/unit/test_moods.py::TestMoodLogModel::test_default_rating_none&#34;, &#34;duration&#34;: &#34;401 ms&#34;, &#34;resultsTableRow&#34;: [&#34;&lt;td class=\&#34;col-result\&#34;&gt;Passed&lt;/td&gt;&#34;, &#34;&lt;td class=\&#34;col-testId\&#34;&gt;Tests/unit/test_moods.py::TestMoodLogModel::test_default_rating_none&lt;/td&gt;&#34;, &#34;&lt;td class=\&#34;col-duration\&#34;&gt;401 ms&lt;/td&gt;&#34;, &#34;&lt;td class=\&#34;col-links\&#34;&gt;&lt;/td&gt;&#34;], &#34;log&#34;: &#34;No log output captured.&#34;}], &#34;Tests/unit/test_moods.py::TestMoodLogSerializer::test_serialize_mood_log&#34;: [{&#34;extras&#34;: [], &#34;result&#34;: &#34;Passed&#34;, &#34;testId&#34;: &#34;Tests/unit/test_moods.py::TestMoodLogSerializer::test_serialize_mood_log&#34;, &#34;duration&#34;: &#34;383 ms&#34;, &#34;resultsTableRow&#34;: [&#34;&lt;td class=\&#34;col-result\&#34;&gt;Passed&lt;/td&gt;&#34;, &#34;&lt;td class=\&#34;col-testId\&#34;&gt;Tests/unit/test_moods.py::TestMoodLogSerializer::test_serialize_mood_log&lt;/td&gt;&#34;, &#34;&lt;td class=\&#34;col-duration\&#34;&gt;383 ms&lt;/td&gt;&#34;, &#34;&lt;td class=\&#34;col-links\&#34;&gt;&lt;/td&gt;&#34;], &#34;log&#34;: &#34;No log output captured.&#34;}], &#34;Tests/unit/test_moods.py::TestMoodLogSerializer::test_create_via_serializer&#34;: [{&#34;extras&#34;: [], &#34;result&#34;: &#34;Failed&#34;, &#34;testId&#34;: &#34;Tests/unit/test_moods.py::TestMoodLogSerializer::test_create_via_serializer&#34;, &#34;duration&#34;: &#34;383 ms&#34;, &#34;resultsTableRow&#34;: [&#34;&lt;td class=\&#34;col-result\&#34;&gt;Failed&lt;/td&gt;&#34;, &#34;&lt;td class=\&#34;col-testId\&#34;&gt;Tests/unit/test_moods.py::TestMoodLogSerializer::test_create_via_serializer&lt;/td&gt;&#34;, &#34;&lt;td class=\&#34;col-duration\&#34;&gt;383 ms&lt;/td&gt;&#34;, &#34;&lt;td class=\&#34;col-links\&#34;&gt;&lt;/td&gt;&#34;], &#34;log&#34;: &#34;self = &amp;lt;django.db.backends.utils.CursorWrapper object at 0x000001B24CCB6640&amp;gt;\nsql = &amp;#x27;INSERT INTO &amp;quot;api_moodlog&amp;quot; (&amp;quot;user_id&amp;quot;, &amp;quot;mood&amp;quot;, &amp;quot;rating&amp;quot;, &amp;quot;note&amp;quot;, &amp;quot;created_at&amp;quot;) VALUES (%s, %s, %s, %s, %s) RETURNING &amp;quot;api_moodlog&amp;quot;.&amp;quot;id&amp;quot;&amp;#x27;\nparams = (None, &amp;#x27;tired&amp;#x27;, 4, &amp;#x27;Long day at work&amp;#x27;, &amp;#x27;2026-01-17 21:52:59.396885&amp;#x27;)\nignored_wrapper_args = (False, {&amp;#x27;connection&amp;#x27;: &amp;lt;DatabaseWrapper vendor=&amp;#x27;sqlite&amp;#x27; alias=&amp;#x27;default&amp;#x27;&amp;gt;, &amp;#x27;cursor&amp;#x27;: &amp;lt;django.db.backends.utils.CursorWrapper object at 0x000001B24CCB6640&amp;gt;})\n\n    def _execute(self, sql, params, *ignored_wrapper_args):\n        self.db.validate_no_broken_transaction()\n        with self.db.wrap_database_errors:\n            if params is None:\n                # params default might be backend specific.\n                return self.cursor.execute(sql)\n            else:\n&amp;gt;               return self.cursor.execute(sql, params)\n\nC:\\python\\Python39\\lib\\site-packages\\django\\db\\backends\\utils.py:89: \n_ _ _ _ _ _ _ _ _ _ _ _ _ _ _ _ _ _ _ _ _ _ _ _ _ _ _ _ _ _ _ _ _ _ _ _ _ _ _ _ _ _ _ _ _ _ _ _ _ _ _ _ _ _ _ _ _ _ _ _ _ _ _ _ _ _ _ _ _ _ _ _ _ _ _ _ _ _ _ _ _ _ _ _ _ _ _ _ _ _ _\n\nself = &amp;lt;django.db.backends.sqlite3.base.SQLiteCursorWrapper object at 0x000001B24C800280&amp;gt;\nquery = &amp;#x27;INSERT INTO &amp;quot;api_moodlog&amp;quot; (&amp;quot;user_id&amp;quot;, &amp;quot;mood&amp;quot;, &amp;quot;rating&amp;quot;, &amp;quot;note&amp;quot;, &amp;quot;created_at&amp;quot;) VALUES (?, ?, ?, ?, ?) RETURNING &amp;quot;api_moodlog&amp;quot;.&amp;quot;id&amp;quot;&amp;#x27;\nparams = (None, &amp;#x27;tired&amp;#x27;, 4, &amp;#x27;Long day at work&amp;#x27;, &amp;#x27;2026-01-17 21:52:59.396885&amp;#x27;)\n\n    def execute(self, query, params=None):\n        if params is None:\n            return super().execute(query)\n        # Extract names if params is a mapping, i.e. &amp;quot;pyformat&amp;quot; style is used.\n        param_names = list(params) if isinstance(params, Mapping) else None\n        query = self.convert_query(query, param_names=param_names)\n&amp;gt;       return super().execute(query, params)\nE       sqlite3.IntegrityError: NOT NULL constraint failed: api_moodlog.user_id\n\nC:\\python\\Python39\\lib\\site-packages\\django\\db\\backends\\sqlite3\\base.py:328: IntegrityError\n\nThe above exception was the direct cause of the following exception:\n\nself = &amp;lt;test_moods.TestMoodLogSerializer object at 0x000001B24C7C4070&amp;gt;, user = &amp;lt;User: serialmood&amp;gt;\n\n    def test_create_via_serializer(self, user):\n        data = {\n            &amp;quot;mood&amp;quot;: &amp;quot;tired&amp;quot;,\n            &amp;quot;rating&amp;quot;: 4,\n            &amp;quot;note&amp;quot;: &amp;quot;Long day at work&amp;quot;\n        }\n    \n        serializer = MoodLogSerializer(data=data, context={&amp;quot;request&amp;quot;: type(&amp;quot;Req&amp;quot;, (), {&amp;quot;user&amp;quot;: user})})\n        assert serializer.is_valid(raise_exception=True)\n&amp;gt;       log = serializer.save()\n\nTests\\unit\\test_moods.py:82: \n_ _ _ _ _ _ _ _ _ _ _ _ _ _ _ _ _ _ _ _ _ _ _ _ _ _ _ _ _ _ _ _ _ _ _ _ _ _ _ _ _ _ _ _ _ _ _ _ _ _ _ _ _ _ _ _ _ _ _ _ _ _ _ _ _ _ _ _ _ _ _ _ _ _ _ _ _ _ _ _ _ _ _ _ _ _ _ _ _ _ _\nC:\\python\\Python39\\lib\\site-packages\\rest_framework\\serializers.py:210: in save\n    self.instance = self.create(validated_data)\nC:\\python\\Python39\\lib\\site-packages\\rest_framework\\serializers.py:991: in create\n    instance = ModelClass._default_manager.create(**validated_data)\nC:\\python\\Python39\\lib\\site-packages\\django\\db\\models\\manager.py:87: in manager_method\n    return getattr(self.get_queryset(), name)(*args, **kwargs)\nC:\\python\\Python39\\lib\\site-packages\\django\\db\\models\\query.py:658: in create\n    obj.save(force_insert=True, using=self.db)\nC:\\python\\Python39\\lib\\site-packages\\django\\db\\models\\base.py:814: in save\n    self.save_base(\nC:\\python\\Python39\\lib\\site-packages\\django\\db\\models\\base.py:877: in save_base\n    updated = self._save_table(\nC:\\python\\Python39\\lib\\site-packages\\django\\db\\models\\base.py:1020: in _save_table\n    results = self._do_insert(\nC:\\python\\Python39\\lib\\site-packages\\django\\db\\models\\base.py:1061: in _do_insert\n    return manager._insert(\nC:\\python\\Python39\\lib\\site-packages\\django\\db\\models\\manager.py:87: in manager_method\n    return getattr(self.get_queryset(), name)(*args, **kwargs)\nC:\\python\\Python39\\lib\\site-packages\\django\\db\\models\\query.py:1805: in _insert\n    return query.get_compiler(using=using).execute_sql(returning_fields)\nC:\\python\\Python39\\lib\\site-packages\\django\\db\\models\\sql\\compiler.py:1822: in execute_sql\n    cursor.execute(sql, params)\nC:\\python\\Python39\\lib\\site-packages\\django\\db\\backends\\utils.py:67: in execute\n    return self._execute_with_wrappers(\nC:\\python\\Python39\\lib\\site-packages\\django\\db\\backends\\utils.py:80: in _execute_with_wrappers\n    return executor(sql, params, many, context)\nC:\\python\\Python39\\lib\\site-packages\\django\\db\\backends\\utils.py:89: in _execute\n    return self.cursor.execute(sql, params)\nC:\\python\\Python39\\lib\\site-packages\\django\\db\\utils.py:91: in __exit__\n    raise dj_exc_value.with_traceback(traceback) from exc_value\nC:\\python\\Python39\\lib\\site-packages\\django\\db\\backends\\utils.py:89: in _execute\n    return self.cursor.execute(sql, params)\n_ _ _ _ _ _ _ _ _ _ _ _ _ _ _ _ _ _ _ _ _ _ _ _ _ _ _ _ _ _ _ _ _ _ _ _ _ _ _ _ _ _ _ _ _ _ _ _ _ _ _ _ _ _ _ _ _ _ _ _ _ _ _ _ _ _ _ _ _ _ _ _ _ _ _ _ _ _ _ _ _ _ _ _ _ _ _ _ _ _ _\n\nself = &amp;lt;django.db.backends.sqlite3.base.SQLiteCursorWrapper object at 0x000001B24C800280&amp;gt;\nquery = &amp;#x27;INSERT INTO &amp;quot;api_moodlog&amp;quot; (&amp;quot;user_id&amp;quot;, &amp;quot;mood&amp;quot;, &amp;quot;rating&amp;quot;, &amp;quot;note&amp;quot;, &amp;quot;created_at&amp;quot;) VALUES (?, ?, ?, ?, ?) RETURNING &amp;quot;api_moodlog&amp;quot;.&amp;quot;id&amp;quot;&amp;#x27;\nparams = (None, &amp;#x27;tired&amp;#x27;, 4, &amp;#x27;Long day at work&amp;#x27;, &amp;#x27;2026-01-17 21:52:59.396885&amp;#x27;)\n\n    def execute(self, query, params=None):\n        if params is None:\n            return super().execute(query)\n        # Extract names if params is a mapping, i.e. &amp;quot;pyformat&amp;quot; style is used.\n        param_names = list(params) if isinstance(params, Mapping) else None\n        query = self.convert_query(query, param_names=param_names)\n&amp;gt;       return super().execute(query, params)\nE       django.db.utils.IntegrityError: NOT NULL constraint failed: api_moodlog.user_id\n\nC:\\python\\Python39\\lib\\site-packages\\django\\db\\backends\\sqlite3\\base.py:328: IntegrityError\n&#34;}], &#34;Tests/unit/test_moods.py::TestMoodLogViews::test_create_mood_log&#34;: [{&#34;extras&#34;: [], &#34;result&#34;: &#34;Passed&#34;, &#34;testId&#34;: &#34;Tests/unit/test_moods.py::TestMoodLogViews::test_create_mood_log&#34;, &#34;duration&#34;: &#34;401 ms&#34;, &#34;resultsTableRow&#34;: [&#34;&lt;td class=\&#34;col-result\&#34;&gt;Passed&lt;/td&gt;&#34;, &#34;&lt;td class=\&#34;col-testId\&#34;&gt;Tests/unit/test_moods.py::TestMoodLogViews::test_create_mood_log&lt;/td&gt;&#34;, &#34;&lt;td class=\&#34;col-duration\&#34;&gt;401 ms&lt;/td&gt;&#34;, &#34;&lt;td class=\&#34;col-links\&#34;&gt;&lt;/td&gt;&#34;], &#34;log&#34;: &#34;No log output captured.&#34;}], &#34;Tests/unit/test_moods.py::TestMoodLogViews::test_list_only_own_logs&#34;: [{&#34;extras&#34;: [], &#34;result&#34;: &#34;Passed&#34;, &#34;testId&#34;: &#34;Tests/unit/test_moods.py::TestMoodLogViews::test_list_only_own_logs&#34;, &#34;duration&#34;: &#34;785 ms&#34;, &#34;resultsTableRow&#34;: [&#34;&lt;td class=\&#34;col-result\&#34;&gt;Passed&lt;/td&gt;&#34;, &#34;&lt;td class=\&#34;col-testId\&#34;&gt;Tests/unit/test_moods.py::TestMoodLogViews::test_list_only_own_logs&lt;/td&gt;&#34;, &#34;&lt;td class=\&#34;col-duration\&#34;&gt;785 ms&lt;/td&gt;&#34;, &#34;&lt;td class=\&#34;col-links\&#34;&gt;&lt;/td&gt;&#34;], &#34;log&#34;: &#34;No log output captured.&#34;}], &#34;Tests/unit/test_moods.py::TestMoodLogViews::test_insights_endpoint&#34;: [{&#34;extras&#34;: [], &#34;result&#34;: &#34;Passed&#34;, &#34;testId&#34;: &#34;Tests/unit/test_moods.py::TestMoodLogViews::test_insights_endpoint&#34;, &#34;duration&#34;: &#34;412 ms&#34;, &#34;resultsTableRow&#34;: [&#34;&lt;td class=\&#34;col-result\&#34;&gt;Passed&lt;/td&gt;&#34;, &#34;&lt;td class=\&#34;col-testId\&#34;&gt;Tests/unit/test_moods.py::TestMoodLogViews::test_insights_endpoint&lt;/td&gt;&#34;, &#34;&lt;td class=\&#34;col-duration\&#34;&gt;412 ms&lt;/td&gt;&#34;, &#34;&lt;td class=\&#34;col-links\&#34;&gt;&lt;/td&gt;&#34;], &#34;log&#34;: &#34;No log output captured.&#34;}], &#34;Tests/unit/test_moods.py::TestMoodInsightsLogic::test_weekly_trend_calculation&#34;: [{&#34;extras&#34;: [], &#34;result&#34;: &#34;Failed&#34;, &#34;testId&#34;: &#34;Tests/unit/test_moods.py::TestMoodInsightsLogic::test_weekly_trend_calculation&#34;, &#34;duration&#34;: &#34;396 ms&#34;, &#34;resultsTableRow&#34;: [&#34;&lt;td class=\&#34;col-result\&#34;&gt;Failed&lt;/td&gt;&#34;, &#34;&lt;td class=\&#34;col-testId\&#34;&gt;Tests/unit/test_moods.py::TestMoodInsightsLogic::test_weekly_trend_calculation&lt;/td&gt;&#34;, &#34;&lt;td class=\&#34;col-duration\&#34;&gt;396 ms&lt;/td&gt;&#34;, &#34;&lt;td class=\&#34;col-links\&#34;&gt;&lt;/td&gt;&#34;], &#34;log&#34;: &#34;self = &amp;lt;test_moods.TestMoodInsightsLogic object at 0x000001B24C7CA0A0&amp;gt;, user = &amp;lt;User: insightbun&amp;gt;\n\n    def test_weekly_trend_calculation(self, user):\n        base_time = timezone.now()\n        MoodLog.objects.bulk_create([\n            MoodLog(\n                user=user,\n                mood=&amp;quot;neutral&amp;quot;,\n                rating=5,\n                created_at=base_time - timedelta(days=i)\n            )\n            for i in range(8)  # 7 days + today\n        ])\n    \n        # Call the insights view (or simulate)\n        view = MoodLogViewSet.as_view({&amp;quot;get&amp;quot;: &amp;quot;insights&amp;quot;})\n        request = type(&amp;quot;Req&amp;quot;, (), {&amp;quot;user&amp;quot;: user, &amp;quot;query_params&amp;quot;: {}})\n&amp;gt;       response = view(request)\n\nTests\\unit\\test_moods.py:178: \n_ _ _ _ _ _ _ _ _ _ _ _ _ _ _ _ _ _ _ _ _ _ _ _ _ _ _ _ _ _ _ _ _ _ _ _ _ _ _ _ _ _ _ _ _ _ _ _ _ _ _ _ _ _ _ _ _ _ _ _ _ _ _ _ _ _ _ _ _ _ _ _ _ _ _ _ _ _ _ _ _ _ _ _ _ _ _ _ _ _ _\nC:\\python\\Python39\\lib\\site-packages\\django\\views\\decorators\\csrf.py:56: in wrapper_view\n    return view_func(*args, **kwargs)\nC:\\python\\Python39\\lib\\site-packages\\rest_framework\\viewsets.py:125: in view\n    return self.dispatch(request, *args, **kwargs)\nC:\\python\\Python39\\lib\\site-packages\\rest_framework\\views.py:498: in dispatch\n    request = self.initialize_request(request, *args, **kwargs)\nC:\\python\\Python39\\lib\\site-packages\\rest_framework\\viewsets.py:152: in initialize_request\n    request = super().initialize_request(request, *args, **kwargs)\nC:\\python\\Python39\\lib\\site-packages\\rest_framework\\views.py:397: in initialize_request\n    return Request(\n_ _ _ _ _ _ _ _ _ _ _ _ _ _ _ _ _ _ _ _ _ _ _ _ _ _ _ _ _ _ _ _ _ _ _ _ _ _ _ _ _ _ _ _ _ _ _ _ _ _ _ _ _ _ _ _ _ _ _ _ _ _ _ _ _ _ _ _ _ _ _ _ _ _ _ _ _ _ _ _ _ _ _ _ _ _ _ _ _ _ _\n\nself = &amp;lt;[AttributeError(&amp;quot;&amp;#x27;Request&amp;#x27; object has no attribute &amp;#x27;method&amp;#x27;&amp;quot;) raised in repr()] Request object at 0x1b24e6f8fd0&amp;gt;, request = &amp;lt;class &amp;#x27;test_moods.Req&amp;#x27;&amp;gt;\nparsers = [&amp;lt;rest_framework.parsers.JSONParser object at 0x000001B24D1AE250&amp;gt;, &amp;lt;rest_framework.parsers.FormParser object at 0x000001B24D1AE820&amp;gt;, &amp;lt;rest_framework.parsers.MultiPartParser object at 0x000001B24D1AE790&amp;gt;]\nauthenticators = [&amp;lt;rest_framework_simplejwt.authentication.JWTAuthentication object at 0x000001B24D1AE580&amp;gt;]\nnegotiator = &amp;lt;rest_framework.negotiation.DefaultContentNegotiation object at 0x000001B24E50F460&amp;gt;\nparser_context = {&amp;#x27;args&amp;#x27;: (), &amp;#x27;kwargs&amp;#x27;: {}, &amp;#x27;view&amp;#x27;: &amp;lt;api.views.MoodLogViewSet object at 0x000001B24E50F490&amp;gt;}\n\n    def __init__(self, request, parsers=None, authenticators=None,\n                 negotiator=None, parser_context=None):\n&amp;gt;       assert isinstance(request, HttpRequest), (\n            &amp;#x27;The `request` argument must be an instance of &amp;#x27;\n            &amp;#x27;`django.http.HttpRequest`, not `{}.{}`.&amp;#x27;\n            .format(request.__class__.__module__, request.__class__.__name__)\n        )\nE       AssertionError: The `request` argument must be an instance of `django.http.HttpRequest`, not `builtins.type`.\n\nC:\\python\\Python39\\lib\\site-packages\\rest_framework\\request.py:154: AssertionError\n&#34;}], &#34;Tests/unit/test_notification.py::TestNotifications::test_task_completion_creates_notification&#34;: [{&#34;extras&#34;: [], &#34;result&#34;: &#34;Error&#34;, &#34;testId&#34;: &#34;Tests/unit/test_notification.py::TestNotifications::test_task_completion_creates_notification::setup&#34;, &#34;duration&#34;: &#34;2 ms&#34;, &#34;resultsTableRow&#34;: [&#34;&lt;td class=\&#34;col-result\&#34;&gt;Error&lt;/td&gt;&#34;, &#34;&lt;td class=\&#34;col-testId\&#34;&gt;Tests/unit/test_notification.py::TestNotifications::test_task_completion_creates_notification::setup&lt;/td&gt;&#34;, &#34;&lt;td class=\&#34;col-duration\&#34;&gt;2 ms&lt;/td&gt;&#34;, &#34;&lt;td class=\&#34;col-links\&#34;&gt;&lt;/td&gt;&#34;], &#34;log&#34;: &#34;self = &amp;lt;test_notification.TestNotifications object at 0x000001B24C3F3B20&amp;gt;\n\n    @pytest.fixture\n    def user(self):\n&amp;gt;       return User.objects.create_user(username=&amp;quot;notifybun&amp;quot;, password=&amp;quot;x&amp;quot;)\nE       AttributeError: &amp;#x27;str&amp;#x27; object has no attribute &amp;#x27;objects&amp;#x27;\n\nTests\\unit\\test_notification.py:15: AttributeError\n&#34;}], &#34;Tests/unit/test_notification.py::TestNotifications::test_notification_mark_as_read&#34;: [{&#34;extras&#34;: [], &#34;result&#34;: &#34;Error&#34;, &#34;testId&#34;: &#34;Tests/unit/test_notification.py::TestNotifications::test_notification_mark_as_read::setup&#34;, &#34;duration&#34;: &#34;2 ms&#34;, &#34;resultsTableRow&#34;: [&#34;&lt;td class=\&#34;col-result\&#34;&gt;Error&lt;/td&gt;&#34;, &#34;&lt;td class=\&#34;col-testId\&#34;&gt;Tests/unit/test_notification.py::TestNotifications::test_notification_mark_as_read::setup&lt;/td&gt;&#34;, &#34;&lt;td class=\&#34;col-duration\&#34;&gt;2 ms&lt;/td&gt;&#34;, &#34;&lt;td class=\&#34;col-links\&#34;&gt;&lt;/td&gt;&#34;], &#34;log&#34;: &#34;self = &amp;lt;test_notification.TestNotifications object at 0x000001B24C7CA6D0&amp;gt;\n\n    @pytest.fixture\n    def user(self):\n&amp;gt;       return User.objects.create_user(username=&amp;quot;notifybun&amp;quot;, password=&amp;quot;x&amp;quot;)\nE       AttributeError: &amp;#x27;str&amp;#x27; object has no attribute &amp;#x27;objects&amp;#x27;\n\nTests\\unit\\test_notification.py:15: AttributeError\n&#34;}], &#34;Tests/unit/test_rewards.py::TestRewardSystem::test_level_up_calculation&#34;: [{&#34;extras&#34;: [], &#34;result&#34;: &#34;Error&#34;, &#34;testId&#34;: &#34;Tests/unit/test_rewards.py::TestRewardSystem::test_level_up_calculation::setup&#34;, &#34;duration&#34;: &#34;3 ms&#34;, &#34;resultsTableRow&#34;: [&#34;&lt;td class=\&#34;col-result\&#34;&gt;Error&lt;/td&gt;&#34;, &#34;&lt;td class=\&#34;col-testId\&#34;&gt;Tests/unit/test_rewards.py::TestRewardSystem::test_level_up_calculation::setup&lt;/td&gt;&#34;, &#34;&lt;td class=\&#34;col-duration\&#34;&gt;3 ms&lt;/td&gt;&#34;, &#34;&lt;td class=\&#34;col-links\&#34;&gt;&lt;/td&gt;&#34;], &#34;log&#34;: &#34;self = &amp;lt;test_rewards.TestRewardSystem object at 0x000001B24C7CAF40&amp;gt;\n\n    @pytest.fixture\n    def user(self):\n&amp;gt;       user = User.objects.create_user(username=&amp;quot;rewardtest&amp;quot;, password=&amp;quot;x&amp;quot;)\nE       AttributeError: &amp;#x27;str&amp;#x27; object has no attribute &amp;#x27;objects&amp;#x27;\n\nTests\\unit\\test_rewards.py:16: AttributeError\n&#34;}], &#34;Tests/unit/test_rewards.py::TestRewardSystem::test_task_completion_gives_reward&#34;: [{&#34;extras&#34;: [], &#34;result&#34;: &#34;Error&#34;, &#34;testId&#34;: &#34;Tests/unit/test_rewards.py::TestRewardSystem::test_task_completion_gives_reward::setup&#34;, &#34;duration&#34;: &#34;3 ms&#34;, &#34;resultsTableRow&#34;: [&#34;&lt;td class=\&#34;col-result\&#34;&gt;Error&lt;/td&gt;&#34;, &#34;&lt;td class=\&#34;col-testId\&#34;&gt;Tests/unit/test_rewards.py::TestRewardSystem::test_task_completion_gives_reward::setup&lt;/td&gt;&#34;, &#34;&lt;td class=\&#34;col-duration\&#34;&gt;3 ms&lt;/td&gt;&#34;, &#34;&lt;td class=\&#34;col-links\&#34;&gt;&lt;/td&gt;&#34;], &#34;log&#34;: &#34;self = &amp;lt;test_rewards.TestRewardSystem object at 0x000001B24C7CE2E0&amp;gt;\n\n    @pytest.fixture\n    def user(self):\n&amp;gt;       user = User.objects.create_user(username=&amp;quot;rewardtest&amp;quot;, password=&amp;quot;x&amp;quot;)\nE       AttributeError: &amp;#x27;str&amp;#x27; object has no attribute &amp;#x27;objects&amp;#x27;\n\nTests\\unit\\test_rewards.py:16: AttributeError\n&#34;}], &#34;Tests/unit/test_rewards.py::TestRewardSystem::test_focus_session_completion_reward&#34;: [{&#34;extras&#34;: [], &#34;result&#34;: &#34;Error&#34;, &#34;testId&#34;: &#34;Tests/unit/test_rewards.py::TestRewardSystem::test_focus_session_completion_reward::setup&#34;, &#34;duration&#34;: &#34;3 ms&#34;, &#34;resultsTableRow&#34;: [&#34;&lt;td class=\&#34;col-result\&#34;&gt;Error&lt;/td&gt;&#34;, &#34;&lt;td class=\&#34;col-testId\&#34;&gt;Tests/unit/test_rewards.py::TestRewardSystem::test_focus_session_completion_reward::setup&lt;/td&gt;&#34;, &#34;&lt;td class=\&#34;col-duration\&#34;&gt;3 ms&lt;/td&gt;&#34;, &#34;&lt;td class=\&#34;col-links\&#34;&gt;&lt;/td&gt;&#34;], &#34;log&#34;: &#34;self = &amp;lt;test_rewards.TestRewardSystem object at 0x000001B24C7CE670&amp;gt;\n\n    @pytest.fixture\n    def user(self):\n&amp;gt;       user = User.objects.create_user(username=&amp;quot;rewardtest&amp;quot;, password=&amp;quot;x&amp;quot;)\nE       AttributeError: &amp;#x27;str&amp;#x27; object has no attribute &amp;#x27;objects&amp;#x27;\n\nTests\\unit\\test_rewards.py:16: AttributeError\n&#34;}], &#34;Tests/unit/test_shopping.py::TestShoppingItemModel::test_create_basic_shopping_item&#34;: [{&#34;extras&#34;: [], &#34;result&#34;: &#34;Passed&#34;, &#34;testId&#34;: &#34;Tests/unit/test_shopping.py::TestShoppingItemModel::test_create_basic_shopping_item&#34;, &#34;duration&#34;: &#34;394 ms&#34;, &#34;resultsTableRow&#34;: [&#34;&lt;td class=\&#34;col-result\&#34;&gt;Passed&lt;/td&gt;&#34;, &#34;&lt;td class=\&#34;col-testId\&#34;&gt;Tests/unit/test_shopping.py::TestShoppingItemModel::test_create_basic_shopping_item&lt;/td&gt;&#34;, &#34;&lt;td class=\&#34;col-duration\&#34;&gt;394 ms&lt;/td&gt;&#34;, &#34;&lt;td class=\&#34;col-links\&#34;&gt;&lt;/td&gt;&#34;], &#34;log&#34;: &#34;No log output captured.&#34;}], &#34;Tests/unit/test_shopping.py::TestShoppingItemModel::test_expiring_item_query&#34;: [{&#34;extras&#34;: [], &#34;result&#34;: &#34;Passed&#34;, &#34;testId&#34;: &#34;Tests/unit/test_shopping.py::TestShoppingItemModel::test_expiring_item_query&#34;, &#34;duration&#34;: &#34;388 ms&#34;, &#34;resultsTableRow&#34;: [&#34;&lt;td class=\&#34;col-result\&#34;&gt;Passed&lt;/td&gt;&#34;, &#34;&lt;td class=\&#34;col-testId\&#34;&gt;Tests/unit/test_shopping.py::TestShoppingItemModel::test_expiring_item_query&lt;/td&gt;&#34;, &#34;&lt;td class=\&#34;col-duration\&#34;&gt;388 ms&lt;/td&gt;&#34;, &#34;&lt;td class=\&#34;col-links\&#34;&gt;&lt;/td&gt;&#34;], &#34;log&#34;: &#34;No log output captured.&#34;}], &#34;Tests/unit/test_shopping.py::TestShoppingItemModel::test_impulsive_flag&#34;: [{&#34;extras&#34;: [], &#34;result&#34;: &#34;Passed&#34;, &#34;testId&#34;: &#34;Tests/unit/test_shopping.py::TestShoppingItemModel::test_impulsive_flag&#34;, &#34;duration&#34;: &#34;384 ms&#34;, &#34;resultsTableRow&#34;: [&#34;&lt;td class=\&#34;col-result\&#34;&gt;Passed&lt;/td&gt;&#34;, &#34;&lt;td class=\&#34;col-testId\&#34;&gt;Tests/unit/test_shopping.py::TestShoppingItemModel::test_impulsive_flag&lt;/td&gt;&#34;, &#34;&lt;td class=\&#34;col-duration\&#34;&gt;384 ms&lt;/td&gt;&#34;, &#34;&lt;td class=\&#34;col-links\&#34;&gt;&lt;/td&gt;&#34;], &#34;log&#34;: &#34;No log output captured.&#34;}], &#34;Tests/unit/test_shopping.py::TestExpenseModel::test_create_expense_linked_to_item&#34;: [{&#34;extras&#34;: [], &#34;result&#34;: &#34;Passed&#34;, &#34;testId&#34;: &#34;Tests/unit/test_shopping.py::TestExpenseModel::test_create_expense_linked_to_item&#34;, &#34;duration&#34;: &#34;381 ms&#34;, &#34;resultsTableRow&#34;: [&#34;&lt;td class=\&#34;col-result\&#34;&gt;Passed&lt;/td&gt;&#34;, &#34;&lt;td class=\&#34;col-testId\&#34;&gt;Tests/unit/test_shopping.py::TestExpenseModel::test_create_expense_linked_to_item&lt;/td&gt;&#34;, &#34;&lt;td class=\&#34;col-duration\&#34;&gt;381 ms&lt;/td&gt;&#34;, &#34;&lt;td class=\&#34;col-links\&#34;&gt;&lt;/td&gt;&#34;], &#34;log&#34;: &#34;No log output captured.&#34;}], &#34;Tests/unit/test_shopping.py::TestExpenseModel::test_expense_without_shopping_item&#34;: [{&#34;extras&#34;: [], &#34;result&#34;: &#34;Passed&#34;, &#34;testId&#34;: &#34;Tests/unit/test_shopping.py::TestExpenseModel::test_expense_without_shopping_item&#34;, &#34;duration&#34;: &#34;403 ms&#34;, &#34;resultsTableRow&#34;: [&#34;&lt;td class=\&#34;col-result\&#34;&gt;Passed&lt;/td&gt;&#34;, &#34;&lt;td class=\&#34;col-testId\&#34;&gt;Tests/unit/test_shopping.py::TestExpenseModel::test_expense_without_shopping_item&lt;/td&gt;&#34;, &#34;&lt;td class=\&#34;col-duration\&#34;&gt;403 ms&lt;/td&gt;&#34;, &#34;&lt;td class=\&#34;col-links\&#34;&gt;&lt;/td&gt;&#34;], &#34;log&#34;: &#34;No log output captured.&#34;}], &#34;Tests/unit/test_shopping.py::TestShoppingItemSerializer::test_serialize_shopping_item&#34;: [{&#34;extras&#34;: [], &#34;result&#34;: &#34;Passed&#34;, &#34;testId&#34;: &#34;Tests/unit/test_shopping.py::TestShoppingItemSerializer::test_serialize_shopping_item&#34;, &#34;duration&#34;: &#34;386 ms&#34;, &#34;resultsTableRow&#34;: [&#34;&lt;td class=\&#34;col-result\&#34;&gt;Passed&lt;/td&gt;&#34;, &#34;&lt;td class=\&#34;col-testId\&#34;&gt;Tests/unit/test_shopping.py::TestShoppingItemSerializer::test_serialize_shopping_item&lt;/td&gt;&#34;, &#34;&lt;td class=\&#34;col-duration\&#34;&gt;386 ms&lt;/td&gt;&#34;, &#34;&lt;td class=\&#34;col-links\&#34;&gt;&lt;/td&gt;&#34;], &#34;log&#34;: &#34;No log output captured.&#34;}], &#34;Tests/unit/test_shopping.py::TestShoppingViews::test_create_shopping_item&#34;: [{&#34;extras&#34;: [], &#34;result&#34;: &#34;Passed&#34;, &#34;testId&#34;: &#34;Tests/unit/test_shopping.py::TestShoppingViews::test_create_shopping_item&#34;, &#34;duration&#34;: &#34;429 ms&#34;, &#34;resultsTableRow&#34;: [&#34;&lt;td class=\&#34;col-result\&#34;&gt;Passed&lt;/td&gt;&#34;, &#34;&lt;td class=\&#34;col-testId\&#34;&gt;Tests/unit/test_shopping.py::TestShoppingViews::test_create_shopping_item&lt;/td&gt;&#34;, &#34;&lt;td class=\&#34;col-duration\&#34;&gt;429 ms&lt;/td&gt;&#34;, &#34;&lt;td class=\&#34;col-links\&#34;&gt;&lt;/td&gt;&#34;], &#34;log&#34;: &#34;No log output captured.&#34;}], &#34;Tests/unit/test_shopping.py::TestShoppingViews::test_list_only_own_items&#34;: [{&#34;extras&#34;: [], &#34;result&#34;: &#34;Passed&#34;, &#34;testId&#34;: &#34;Tests/unit/test_shopping.py::TestShoppingViews::test_list_only_own_items&#34;, &#34;duration&#34;: &#34;782 ms&#34;, &#34;resultsTableRow&#34;: [&#34;&lt;td class=\&#34;col-result\&#34;&gt;Passed&lt;/td&gt;&#34;, &#34;&lt;td class=\&#34;col-testId\&#34;&gt;Tests/unit/test_shopping.py::TestShoppingViews::test_list_only_own_items&lt;/td&gt;&#34;, &#34;&lt;td class=\&#34;col-duration\&#34;&gt;782 ms&lt;/td&gt;&#34;, &#34;&lt;td class=\&#34;col-links\&#34;&gt;&lt;/td&gt;&#34;], &#34;log&#34;: &#34;No log output captured.&#34;}], &#34;Tests/unit/test_shopping.py::TestShoppingViews::test_create_expense&#34;: [{&#34;extras&#34;: [], &#34;result&#34;: &#34;Passed&#34;, &#34;testId&#34;: &#34;Tests/unit/test_shopping.py::TestShoppingViews::test_create_expense&#34;, &#34;duration&#34;: &#34;403 ms&#34;, &#34;resultsTableRow&#34;: [&#34;&lt;td class=\&#34;col-result\&#34;&gt;Passed&lt;/td&gt;&#34;, &#34;&lt;td class=\&#34;col-testId\&#34;&gt;Tests/unit/test_shopping.py::TestShoppingViews::test_create_expense&lt;/td&gt;&#34;, &#34;&lt;td class=\&#34;col-duration\&#34;&gt;403 ms&lt;/td&gt;&#34;, &#34;&lt;td class=\&#34;col-links\&#34;&gt;&lt;/td&gt;&#34;], &#34;log&#34;: &#34;No log output captured.&#34;}], &#34;Tests/unit/test_shopping.py::TestShoppingBusinessRules::test_expiring_items_endpoint&#34;: [{&#34;extras&#34;: [], &#34;result&#34;: &#34;Failed&#34;, &#34;testId&#34;: &#34;Tests/unit/test_shopping.py::TestShoppingBusinessRules::test_expiring_items_endpoint&#34;, &#34;duration&#34;: &#34;388 ms&#34;, &#34;resultsTableRow&#34;: [&#34;&lt;td class=\&#34;col-result\&#34;&gt;Failed&lt;/td&gt;&#34;, &#34;&lt;td class=\&#34;col-testId\&#34;&gt;Tests/unit/test_shopping.py::TestShoppingBusinessRules::test_expiring_items_endpoint&lt;/td&gt;&#34;, &#34;&lt;td class=\&#34;col-duration\&#34;&gt;388 ms&lt;/td&gt;&#34;, &#34;&lt;td class=\&#34;col-links\&#34;&gt;&lt;/td&gt;&#34;], &#34;log&#34;: &#34;self = &amp;lt;test_shopping.TestShoppingBusinessRules object at 0x000001B24C7E5340&amp;gt;, user = &amp;lt;User: rulebunny&amp;gt;, client = &amp;lt;django.test.client.Client object at 0x000001B24CB71550&amp;gt;\n\n    def test_expiring_items_endpoint(self, user, client):\n&amp;gt;       client.force_authenticate(user=user)\nE       AttributeError: &amp;#x27;Client&amp;#x27; object has no attribute &amp;#x27;force_authenticate&amp;#x27;\n\nTests\\unit\\test_shopping.py:239: AttributeError\n&#34;}], &#34;Tests/unit/test_tasks.py::TestTaskModel::test_create_minimal_task&#34;: [{&#34;extras&#34;: [], &#34;result&#34;: &#34;Passed&#34;, &#34;testId&#34;: &#34;Tests/unit/test_tasks.py::TestTaskModel::test_create_minimal_task&#34;, &#34;duration&#34;: &#34;385 ms&#34;, &#34;resultsTableRow&#34;: [&#34;&lt;td class=\&#34;col-result\&#34;&gt;Passed&lt;/td&gt;&#34;, &#34;&lt;td class=\&#34;col-testId\&#34;&gt;Tests/unit/test_tasks.py::TestTaskModel::test_create_minimal_task&lt;/td&gt;&#34;, &#34;&lt;td class=\&#34;col-duration\&#34;&gt;385 ms&lt;/td&gt;&#34;, &#34;&lt;td class=\&#34;col-links\&#34;&gt;&lt;/td&gt;&#34;], &#34;log&#34;: &#34;No log output captured.&#34;}], &#34;Tests/unit/test_tasks.py::TestTaskModel::test_auto_set_completed_at_on_done&#34;: [{&#34;extras&#34;: [], &#34;result&#34;: &#34;Passed&#34;, &#34;testId&#34;: &#34;Tests/unit/test_tasks.py::TestTaskModel::test_auto_set_completed_at_on_done&#34;, &#34;duration&#34;: &#34;398 ms&#34;, &#34;resultsTableRow&#34;: [&#34;&lt;td class=\&#34;col-result\&#34;&gt;Passed&lt;/td&gt;&#34;, &#34;&lt;td class=\&#34;col-testId\&#34;&gt;Tests/unit/test_tasks.py::TestTaskModel::test_auto_set_completed_at_on_done&lt;/td&gt;&#34;, &#34;&lt;td class=\&#34;col-duration\&#34;&gt;398 ms&lt;/td&gt;&#34;, &#34;&lt;td class=\&#34;col-links\&#34;&gt;&lt;/td&gt;&#34;], &#34;log&#34;: &#34;No log output captured.&#34;}], &#34;Tests/unit/test_tasks.py::TestTaskModel::test_preferred_focus_mode_persisted&#34;: [{&#34;extras&#34;: [], &#34;result&#34;: &#34;Passed&#34;, &#34;testId&#34;: &#34;Tests/unit/test_tasks.py::TestTaskModel::test_preferred_focus_mode_persisted&#34;, &#34;duration&#34;: &#34;384 ms&#34;, &#34;resultsTableRow&#34;: [&#34;&lt;td class=\&#34;col-result\&#34;&gt;Passed&lt;/td&gt;&#34;, &#34;&lt;td class=\&#34;col-testId\&#34;&gt;Tests/unit/test_tasks.py::TestTaskModel::test_preferred_focus_mode_persisted&lt;/td&gt;&#34;, &#34;&lt;td class=\&#34;col-duration\&#34;&gt;384 ms&lt;/td&gt;&#34;, &#34;&lt;td class=\&#34;col-links\&#34;&gt;&lt;/td&gt;&#34;], &#34;log&#34;: &#34;No log output captured.&#34;}], &#34;Tests/unit/test_tasks.py::TestTaskModel::test_task_with_shopping_link&#34;: [{&#34;extras&#34;: [], &#34;result&#34;: &#34;Passed&#34;, &#34;testId&#34;: &#34;Tests/unit/test_tasks.py::TestTaskModel::test_task_with_shopping_link&#34;, &#34;duration&#34;: &#34;389 ms&#34;, &#34;resultsTableRow&#34;: [&#34;&lt;td class=\&#34;col-result\&#34;&gt;Passed&lt;/td&gt;&#34;, &#34;&lt;td class=\&#34;col-testId\&#34;&gt;Tests/unit/test_tasks.py::TestTaskModel::test_task_with_shopping_link&lt;/td&gt;&#34;, &#34;&lt;td class=\&#34;col-duration\&#34;&gt;389 ms&lt;/td&gt;&#34;, &#34;&lt;td class=\&#34;col-links\&#34;&gt;&lt;/td&gt;&#34;], &#34;log&#34;: &#34;No log output captured.&#34;}], &#34;Tests/unit/test_tasks.py::TestTaskModel::test_freeze_and_unfreeze&#34;: [{&#34;extras&#34;: [], &#34;result&#34;: &#34;Passed&#34;, &#34;testId&#34;: &#34;Tests/unit/test_tasks.py::TestTaskModel::test_freeze_and_unfreeze&#34;, &#34;duration&#34;: &#34;380 ms&#34;, &#34;resultsTableRow&#34;: [&#34;&lt;td class=\&#34;col-result\&#34;&gt;Passed&lt;/td&gt;&#34;, &#34;&lt;td class=\&#34;col-testId\&#34;&gt;Tests/unit/test_tasks.py::TestTaskModel::test_freeze_and_unfreeze&lt;/td&gt;&#34;, &#34;&lt;td class=\&#34;col-duration\&#34;&gt;380 ms&lt;/td&gt;&#34;, &#34;&lt;td class=\&#34;col-links\&#34;&gt;&lt;/td&gt;&#34;], &#34;log&#34;: &#34;No log output captured.&#34;}], &#34;Tests/unit/test_tasks.py::TestTaskModel::test_str_representation&#34;: [{&#34;extras&#34;: [], &#34;result&#34;: &#34;Passed&#34;, &#34;testId&#34;: &#34;Tests/unit/test_tasks.py::TestTaskModel::test_str_representation&#34;, &#34;duration&#34;: &#34;379 ms&#34;, &#34;resultsTableRow&#34;: [&#34;&lt;td class=\&#34;col-result\&#34;&gt;Passed&lt;/td&gt;&#34;, &#34;&lt;td class=\&#34;col-testId\&#34;&gt;Tests/unit/test_tasks.py::TestTaskModel::test_str_representation&lt;/td&gt;&#34;, &#34;&lt;td class=\&#34;col-duration\&#34;&gt;379 ms&lt;/td&gt;&#34;, &#34;&lt;td class=\&#34;col-links\&#34;&gt;&lt;/td&gt;&#34;], &#34;log&#34;: &#34;No log output captured.&#34;}], &#34;Tests/unit/test_tasks.py::TestTaskSerializer::test_create_task_with_category_id&#34;: [{&#34;extras&#34;: [], &#34;result&#34;: &#34;Passed&#34;, &#34;testId&#34;: &#34;Tests/unit/test_tasks.py::TestTaskSerializer::test_create_task_with_category_id&#34;, &#34;duration&#34;: &#34;409 ms&#34;, &#34;resultsTableRow&#34;: [&#34;&lt;td class=\&#34;col-result\&#34;&gt;Passed&lt;/td&gt;&#34;, &#34;&lt;td class=\&#34;col-testId\&#34;&gt;Tests/unit/test_tasks.py::TestTaskSerializer::test_create_task_with_category_id&lt;/td&gt;&#34;, &#34;&lt;td class=\&#34;col-duration\&#34;&gt;409 ms&lt;/td&gt;&#34;, &#34;&lt;td class=\&#34;col-links\&#34;&gt;&lt;/td&gt;&#34;], &#34;log&#34;: &#34;No log output captured.&#34;}], &#34;Tests/unit/test_tasks.py::TestTaskSerializer::test_read_only_fields_not_overwritten&#34;: [{&#34;extras&#34;: [], &#34;result&#34;: &#34;Passed&#34;, &#34;testId&#34;: &#34;Tests/unit/test_tasks.py::TestTaskSerializer::test_read_only_fields_not_overwritten&#34;, &#34;duration&#34;: &#34;387 ms&#34;, &#34;resultsTableRow&#34;: [&#34;&lt;td class=\&#34;col-result\&#34;&gt;Passed&lt;/td&gt;&#34;, &#34;&lt;td class=\&#34;col-testId\&#34;&gt;Tests/unit/test_tasks.py::TestTaskSerializer::test_read_only_fields_not_overwritten&lt;/td&gt;&#34;, &#34;&lt;td class=\&#34;col-duration\&#34;&gt;387 ms&lt;/td&gt;&#34;, &#34;&lt;td class=\&#34;col-links\&#34;&gt;&lt;/td&gt;&#34;], &#34;log&#34;: &#34;No log output captured.&#34;}], &#34;Tests/unit/test_tasks.py::TestTaskViewSet::test_list_only_own_tasks&#34;: [{&#34;extras&#34;: [], &#34;result&#34;: &#34;Passed&#34;, &#34;testId&#34;: &#34;Tests/unit/test_tasks.py::TestTaskViewSet::test_list_only_own_tasks&#34;, &#34;duration&#34;: &#34;789 ms&#34;, &#34;resultsTableRow&#34;: [&#34;&lt;td class=\&#34;col-result\&#34;&gt;Passed&lt;/td&gt;&#34;, &#34;&lt;td class=\&#34;col-testId\&#34;&gt;Tests/unit/test_tasks.py::TestTaskViewSet::test_list_only_own_tasks&lt;/td&gt;&#34;, &#34;&lt;td class=\&#34;col-duration\&#34;&gt;789 ms&lt;/td&gt;&#34;, &#34;&lt;td class=\&#34;col-links\&#34;&gt;&lt;/td&gt;&#34;], &#34;log&#34;: &#34;No log output captured.&#34;}], &#34;Tests/unit/test_tasks.py::TestTaskViewSet::test_create_task&#34;: [{&#34;extras&#34;: [], &#34;result&#34;: &#34;Passed&#34;, &#34;testId&#34;: &#34;Tests/unit/test_tasks.py::TestTaskViewSet::test_create_task&#34;, &#34;duration&#34;: &#34;396 ms&#34;, &#34;resultsTableRow&#34;: [&#34;&lt;td class=\&#34;col-result\&#34;&gt;Passed&lt;/td&gt;&#34;, &#34;&lt;td class=\&#34;col-testId\&#34;&gt;Tests/unit/test_tasks.py::TestTaskViewSet::test_create_task&lt;/td&gt;&#34;, &#34;&lt;td class=\&#34;col-duration\&#34;&gt;396 ms&lt;/td&gt;&#34;, &#34;&lt;td class=\&#34;col-links\&#34;&gt;&lt;/td&gt;&#34;], &#34;log&#34;: &#34;No log output captured.&#34;}], &#34;Tests/unit/test_tasks.py::TestTaskViewSet::test_start_task_action&#34;: [{&#34;extras&#34;: [], &#34;result&#34;: &#34;Passed&#34;, &#34;testId&#34;: &#34;Tests/unit/test_tasks.py::TestTaskViewSet::test_start_task_action&#34;, &#34;duration&#34;: &#34;399 ms&#34;, &#34;resultsTableRow&#34;: [&#34;&lt;td class=\&#34;col-result\&#34;&gt;Passed&lt;/td&gt;&#34;, &#34;&lt;td class=\&#34;col-testId\&#34;&gt;Tests/unit/test_tasks.py::TestTaskViewSet::test_start_task_action&lt;/td&gt;&#34;, &#34;&lt;td class=\&#34;col-duration\&#34;&gt;399 ms&lt;/td&gt;&#34;, &#34;&lt;td class=\&#34;col-links\&#34;&gt;&lt;/td&gt;&#34;], &#34;log&#34;: &#34;No log output captured.&#34;}], &#34;Tests/unit/test_tasks.py::TestTaskViewSet::test_start_frozen_task_fails&#34;: [{&#34;extras&#34;: [], &#34;result&#34;: &#34;Passed&#34;, &#34;testId&#34;: &#34;Tests/unit/test_tasks.py::TestTaskViewSet::test_start_frozen_task_fails&#34;, &#34;duration&#34;: &#34;389 ms&#34;, &#34;resultsTableRow&#34;: [&#34;&lt;td class=\&#34;col-result\&#34;&gt;Passed&lt;/td&gt;&#34;, &#34;&lt;td class=\&#34;col-testId\&#34;&gt;Tests/unit/test_tasks.py::TestTaskViewSet::test_start_frozen_task_fails&lt;/td&gt;&#34;, &#34;&lt;td class=\&#34;col-duration\&#34;&gt;389 ms&lt;/td&gt;&#34;, &#34;&lt;td class=\&#34;col-links\&#34;&gt;&lt;/td&gt;&#34;], &#34;log&#34;: &#34;------------------------------ Captured log call -------------------------------\nWARNING  django.request:log.py:241 Bad Request: /api/tasks/1/start/\n\n&#34;}], &#34;Tests/unit/test_tasks.py::TestTaskViewSet::test_complete_task_action&#34;: [{&#34;extras&#34;: [], &#34;result&#34;: &#34;Passed&#34;, &#34;testId&#34;: &#34;Tests/unit/test_tasks.py::TestTaskViewSet::test_complete_task_action&#34;, &#34;duration&#34;: &#34;401 ms&#34;, &#34;resultsTableRow&#34;: [&#34;&lt;td class=\&#34;col-result\&#34;&gt;Passed&lt;/td&gt;&#34;, &#34;&lt;td class=\&#34;col-testId\&#34;&gt;Tests/unit/test_tasks.py::TestTaskViewSet::test_complete_task_action&lt;/td&gt;&#34;, &#34;&lt;td class=\&#34;col-duration\&#34;&gt;401 ms&lt;/td&gt;&#34;, &#34;&lt;td class=\&#34;col-links\&#34;&gt;&lt;/td&gt;&#34;], &#34;log&#34;: &#34;No log output captured.&#34;}], &#34;Tests/unit/test_tasks.py::TestTaskViewSet::test_cannot_complete_already_done_task&#34;: [{&#34;extras&#34;: [], &#34;result&#34;: &#34;Passed&#34;, &#34;testId&#34;: &#34;Tests/unit/test_tasks.py::TestTaskViewSet::test_cannot_complete_already_done_task&#34;, &#34;duration&#34;: &#34;397 ms&#34;, &#34;resultsTableRow&#34;: [&#34;&lt;td class=\&#34;col-result\&#34;&gt;Passed&lt;/td&gt;&#34;, &#34;&lt;td class=\&#34;col-testId\&#34;&gt;Tests/unit/test_tasks.py::TestTaskViewSet::test_cannot_complete_already_done_task&lt;/td&gt;&#34;, &#34;&lt;td class=\&#34;col-duration\&#34;&gt;397 ms&lt;/td&gt;&#34;, &#34;&lt;td class=\&#34;col-links\&#34;&gt;&lt;/td&gt;&#34;], &#34;log&#34;: &#34;------------------------------ Captured log call -------------------------------\nWARNING  django.request:log.py:241 Bad Request: /api/tasks/1/complete/\n\n&#34;}], &#34;Tests/unit/test_tasks.py::TestTaskViewSet::test_toggle_freeze_action&#34;: [{&#34;extras&#34;: [], &#34;result&#34;: &#34;Passed&#34;, &#34;testId&#34;: &#34;Tests/unit/test_tasks.py::TestTaskViewSet::test_toggle_freeze_action&#34;, &#34;duration&#34;: &#34;389 ms&#34;, &#34;resultsTableRow&#34;: [&#34;&lt;td class=\&#34;col-result\&#34;&gt;Passed&lt;/td&gt;&#34;, &#34;&lt;td class=\&#34;col-testId\&#34;&gt;Tests/unit/test_tasks.py::TestTaskViewSet::test_toggle_freeze_action&lt;/td&gt;&#34;, &#34;&lt;td class=\&#34;col-duration\&#34;&gt;389 ms&lt;/td&gt;&#34;, &#34;&lt;td class=\&#34;col-links\&#34;&gt;&lt;/td&gt;&#34;], &#34;log&#34;: &#34;No log output captured.&#34;}], &#34;Tests/unit/test_tasks.py::TestTaskRewardIntegration::test_complete_task_creates_notification&#34;: [{&#34;extras&#34;: [], &#34;result&#34;: &#34;Passed&#34;, &#34;testId&#34;: &#34;Tests/unit/test_tasks.py::TestTaskRewardIntegration::test_complete_task_creates_notification&#34;, &#34;duration&#34;: &#34;427 ms&#34;, &#34;resultsTableRow&#34;: [&#34;&lt;td class=\&#34;col-result\&#34;&gt;Passed&lt;/td&gt;&#34;, &#34;&lt;td class=\&#34;col-testId\&#34;&gt;Tests/unit/test_tasks.py::TestTaskRewardIntegration::test_complete_task_creates_notification&lt;/td&gt;&#34;, &#34;&lt;td class=\&#34;col-duration\&#34;&gt;427 ms&lt;/td&gt;&#34;, &#34;&lt;td class=\&#34;col-links\&#34;&gt;&lt;/td&gt;&#34;], &#34;log&#34;: &#34;No log output captured.&#34;}], &#34;Tests/unit/test_weekly_discipline.py::TestWeeklyDiscipline::test_no_impulsive_in_week_gives_badge&#34;: [{&#34;extras&#34;: [], &#34;result&#34;: &#34;Error&#34;, &#34;testId&#34;: &#34;Tests/unit/test_weekly_discipline.py::TestWeeklyDiscipline::test_no_impulsive_in_week_gives_badge::setup&#34;, &#34;duration&#34;: &#34;2 ms&#34;, &#34;resultsTableRow&#34;: [&#34;&lt;td class=\&#34;col-result\&#34;&gt;Error&lt;/td&gt;&#34;, &#34;&lt;td class=\&#34;col-testId\&#34;&gt;Tests/unit/test_weekly_discipline.py::TestWeeklyDiscipline::test_no_impulsive_in_week_gives_badge::setup&lt;/td&gt;&#34;, &#34;&lt;td class=\&#34;col-duration\&#34;&gt;2 ms&lt;/td&gt;&#34;, &#34;&lt;td class=\&#34;col-links\&#34;&gt;&lt;/td&gt;&#34;], &#34;log&#34;: &#34;self = &amp;lt;test_weekly_discipline.TestWeeklyDiscipline object at 0x000001B24C8018B0&amp;gt;\n\n    @pytest.fixture\n    def user(self):\n&amp;gt;       return User.objects.create_user(username=&amp;quot;disciplinebun&amp;quot;, password=&amp;quot;x&amp;quot;)\nE       AttributeError: &amp;#x27;str&amp;#x27; object has no attribute &amp;#x27;objects&amp;#x27;\n\nTests\\unit\\test_weekly_discipline.py:14: AttributeError\n&#34;}], &#34;Tests/unit/test_weekly_discipline.py::TestWeeklyDiscipline::test_impulsive_buy_prevents_badge&#34;: [{&#34;extras&#34;: [], &#34;result&#34;: &#34;Error&#34;, &#34;testId&#34;: &#34;Tests/unit/test_weekly_discipline.py::TestWeeklyDiscipline::test_impulsive_buy_prevents_badge::setup&#34;, &#34;duration&#34;: &#34;1 ms&#34;, &#34;resultsTableRow&#34;: [&#34;&lt;td class=\&#34;col-result\&#34;&gt;Error&lt;/td&gt;&#34;, &#34;&lt;td class=\&#34;col-testId\&#34;&gt;Tests/unit/test_weekly_discipline.py::TestWeeklyDiscipline::test_impulsive_buy_prevents_badge::setup&lt;/td&gt;&#34;, &#34;&lt;td class=\&#34;col-duration\&#34;&gt;1 ms&lt;/td&gt;&#34;, &#34;&lt;td class=\&#34;col-links\&#34;&gt;&lt;/td&gt;&#34;], &#34;log&#34;: &#34;self = &amp;lt;test_weekly_discipline.TestWeeklyDiscipline object at 0x000001B24C801C10&amp;gt;\n\n    @pytest.fixture\n    def user(self):\n&amp;gt;       return User.objects.create_user(username=&amp;quot;disciplinebun&amp;quot;, password=&amp;quot;x&amp;quot;)\nE       AttributeError: &amp;#x27;str&amp;#x27; object has no attribute &amp;#x27;objects&amp;#x27;\n\nTests\\unit\\test_weekly_discipline.py:14: AttributeError\n&#34;}]}, &#34;renderCollapsed&#34;: [&#34;passed&#34;], &#34;initialSort&#34;: &#34;result&#34;, &#34;title&#34;: &#34;report.html&#34;}"></div>
    <script>
      (function(){function r(e,n,t){function o(i,f){if(!n[i]){if(!e[i]){var c="function"==typeof require&&require;if(!f&&c)return c(i,!0);if(u)return u(i,!0);var a=new Error("Cannot find module '"+i+"'");throw a.code="MODULE_NOT_FOUND",a}var p=n[i]={exports:{}};e[i][0].call(p.exports,function(r){var n=e[i][1][r];return o(n||r)},p,p.exports,r,e,n,t)}return n[i].exports}for(var u="function"==typeof require&&require,i=0;i<t.length;i++)o(t[i]);return o}return r})()({1:[function(require,module,exports){
const { getCollapsedCategory, setCollapsedIds } = require('./storage.js')

class DataManager {
    setManager(data) {
        const collapsedCategories = [...getCollapsedCategory(data.renderCollapsed)]
        const collapsedIds = []
        const tests = Object.values(data.tests).flat().map((test, index) => {
            const collapsed = collapsedCategories.includes(test.result.toLowerCase())
            const id = `test_${index}`
            if (collapsed) {
                collapsedIds.push(id)
            }
            return {
                ...test,
                id,
                collapsed,
            }
        })
        const dataBlob = { ...data, tests }
        this.data = { ...dataBlob }
        this.renderData = { ...dataBlob }
        setCollapsedIds(collapsedIds)
    }

    get allData() {
        return { ...this.data }
    }

    resetRender() {
        this.renderData = { ...this.data }
    }

    setRender(data) {
        this.renderData.tests = [...data]
    }

    toggleCollapsedItem(id) {
        this.renderData.tests = this.renderData.tests.map((test) =>
            test.id === id ? { ...test, collapsed: !test.collapsed } : test,
        )
    }

    set allCollapsed(collapsed) {
        this.renderData = { ...this.renderData, tests: [...this.renderData.tests.map((test) => (
            { ...test, collapsed }
        ))] }
    }

    get testSubset() {
        return [...this.renderData.tests]
    }

    get environment() {
        return this.renderData.environment
    }

    get initialSort() {
        return this.data.initialSort
    }
}

module.exports = {
    manager: new DataManager(),
}

},{"./storage.js":8}],2:[function(require,module,exports){
const mediaViewer = require('./mediaviewer.js')
const templateEnvRow = document.getElementById('template_environment_row')
const templateResult = document.getElementById('template_results-table__tbody')

function htmlToElements(html) {
    const temp = document.createElement('template')
    temp.innerHTML = html
    return temp.content.childNodes
}

const find = (selector, elem) => {
    if (!elem) {
        elem = document
    }
    return elem.querySelector(selector)
}

const findAll = (selector, elem) => {
    if (!elem) {
        elem = document
    }
    return [...elem.querySelectorAll(selector)]
}

const dom = {
    getStaticRow: (key, value) => {
        const envRow = templateEnvRow.content.cloneNode(true)
        const isObj = typeof value === 'object' && value !== null
        const values = isObj ? Object.keys(value).map((k) => `${k}: ${value[k]}`) : null

        const valuesElement = htmlToElements(
            values ? `<ul>${values.map((val) => `<li>${val}</li>`).join('')}<ul>` : `<div>${value}</div>`)[0]
        const td = findAll('td', envRow)
        td[0].textContent = key
        td[1].appendChild(valuesElement)

        return envRow
    },
    getResultTBody: ({ testId, id, log, extras, resultsTableRow, tableHtml, result, collapsed }) => {
        const resultBody = templateResult.content.cloneNode(true)
        resultBody.querySelector('tbody').classList.add(result.toLowerCase())
        resultBody.querySelector('tbody').id = testId
        resultBody.querySelector('.collapsible').dataset.id = id

        resultsTableRow.forEach((html) => {
            const t = document.createElement('template')
            t.innerHTML = html
            resultBody.querySelector('.collapsible').appendChild(t.content)
        })

        if (log) {
            // Wrap lines starting with "E" with span.error to color those lines red
            const wrappedLog = log.replace(/^E.*$/gm, (match) => `<span class="error">${match}</span>`)
            resultBody.querySelector('.log').innerHTML = wrappedLog
        } else {
            resultBody.querySelector('.log').remove()
        }

        if (collapsed) {
            resultBody.querySelector('.collapsible > td')?.classList.add('collapsed')
            resultBody.querySelector('.extras-row').classList.add('hidden')
        } else {
            resultBody.querySelector('.collapsible > td')?.classList.remove('collapsed')
        }

        const media = []
        extras?.forEach(({ name, format_type, content }) => {
            if (['image', 'video'].includes(format_type)) {
                media.push({ path: content, name, format_type })
            }

            if (format_type === 'html') {
                resultBody.querySelector('.extraHTML').insertAdjacentHTML('beforeend', `<div>${content}</div>`)
            }
        })
        mediaViewer.setup(resultBody, media)

        // Add custom html from the pytest_html_results_table_html hook
        tableHtml?.forEach((item) => {
            resultBody.querySelector('td[class="extra"]').insertAdjacentHTML('beforeend', item)
        })

        return resultBody
    },
}

module.exports = {
    dom,
    htmlToElements,
    find,
    findAll,
}

},{"./mediaviewer.js":6}],3:[function(require,module,exports){
const { manager } = require('./datamanager.js')
const { doSort } = require('./sort.js')
const storageModule = require('./storage.js')

const getFilteredSubSet = (filter) =>
    manager.allData.tests.filter(({ result }) => filter.includes(result.toLowerCase()))

const doInitFilter = () => {
    const currentFilter = storageModule.getVisible()
    const filteredSubset = getFilteredSubSet(currentFilter)
    manager.setRender(filteredSubset)
}

const doFilter = (type, show) => {
    if (show) {
        storageModule.showCategory(type)
    } else {
        storageModule.hideCategory(type)
    }

    const currentFilter = storageModule.getVisible()
    const filteredSubset = getFilteredSubSet(currentFilter)
    manager.setRender(filteredSubset)

    const sortColumn = storageModule.getSort()
    doSort(sortColumn, true)
}

module.exports = {
    doFilter,
    doInitFilter,
}

},{"./datamanager.js":1,"./sort.js":7,"./storage.js":8}],4:[function(require,module,exports){
const { redraw, bindEvents, renderStatic } = require('./main.js')
const { doInitFilter } = require('./filter.js')
const { doInitSort } = require('./sort.js')
const { manager } = require('./datamanager.js')
const data = JSON.parse(document.getElementById('data-container').dataset.jsonblob)

function init() {
    manager.setManager(data)
    doInitFilter()
    doInitSort()
    renderStatic()
    redraw()
    bindEvents()
}

init()

},{"./datamanager.js":1,"./filter.js":3,"./main.js":5,"./sort.js":7}],5:[function(require,module,exports){
const { dom, find, findAll } = require('./dom.js')
const { manager } = require('./datamanager.js')
const { doSort } = require('./sort.js')
const { doFilter } = require('./filter.js')
const {
    getVisible,
    getCollapsedIds,
    setCollapsedIds,
    getSort,
    getSortDirection,
    possibleFilters,
} = require('./storage.js')

const removeChildren = (node) => {
    while (node.firstChild) {
        node.removeChild(node.firstChild)
    }
}

const renderStatic = () => {
    const renderEnvironmentTable = () => {
        const environment = manager.environment
        const rows = Object.keys(environment).map((key) => dom.getStaticRow(key, environment[key]))
        const table = document.getElementById('environment')
        removeChildren(table)
        rows.forEach((row) => table.appendChild(row))
    }
    renderEnvironmentTable()
}

const addItemToggleListener = (elem) => {
    elem.addEventListener('click', ({ target }) => {
        const id = target.parentElement.dataset.id
        manager.toggleCollapsedItem(id)

        const collapsedIds = getCollapsedIds()
        if (collapsedIds.includes(id)) {
            const updated = collapsedIds.filter((item) => item !== id)
            setCollapsedIds(updated)
        } else {
            collapsedIds.push(id)
            setCollapsedIds(collapsedIds)
        }
        redraw()
    })
}

const renderContent = (tests) => {
    const sortAttr = getSort(manager.initialSort)
    const sortAsc = JSON.parse(getSortDirection())
    const rows = tests.map(dom.getResultTBody)
    const table = document.getElementById('results-table')
    const tableHeader = document.getElementById('results-table-head')

    const newTable = document.createElement('table')
    newTable.id = 'results-table'

    // remove all sorting classes and set the relevant
    findAll('.sortable', tableHeader).forEach((elem) => elem.classList.remove('asc', 'desc'))
    tableHeader.querySelector(`.sortable[data-column-type="${sortAttr}"]`)?.classList.add(sortAsc ? 'desc' : 'asc')
    newTable.appendChild(tableHeader)

    if (!rows.length) {
        const emptyTable = document.getElementById('template_results-table__body--empty').content.cloneNode(true)
        newTable.appendChild(emptyTable)
    } else {
        rows.forEach((row) => {
            if (!!row) {
                findAll('.collapsible td:not(.col-links', row).forEach(addItemToggleListener)
                find('.logexpander', row).addEventListener('click',
                    (evt) => evt.target.parentNode.classList.toggle('expanded'),
                )
                newTable.appendChild(row)
            }
        })
    }

    table.replaceWith(newTable)
}

const renderDerived = () => {
    const currentFilter = getVisible()
    possibleFilters.forEach((result) => {
        const input = document.querySelector(`input[data-test-result="${result}"]`)
        input.checked = currentFilter.includes(result)
    })
}

const bindEvents = () => {
    const filterColumn = (evt) => {
        const { target: element } = evt
        const { testResult } = element.dataset

        doFilter(testResult, element.checked)
        const collapsedIds = getCollapsedIds()
        const updated = manager.renderData.tests.map((test) => {
            return {
                ...test,
                collapsed: collapsedIds.includes(test.id),
            }
        })
        manager.setRender(updated)
        redraw()
    }

    const header = document.getElementById('environment-header')
    header.addEventListener('click', () => {
        const table = document.getElementById('environment')
        table.classList.toggle('hidden')
        header.classList.toggle('collapsed')
    })

    findAll('input[name="filter_checkbox"]').forEach((elem) => {
        elem.addEventListener('click', filterColumn)
    })

    findAll('.sortable').forEach((elem) => {
        elem.addEventListener('click', (evt) => {
            const { target: element } = evt
            const { columnType } = element.dataset
            doSort(columnType)
            redraw()
        })
    })

    document.getElementById('show_all_details').addEventListener('click', () => {
        manager.allCollapsed = false
        setCollapsedIds([])
        redraw()
    })
    document.getElementById('hide_all_details').addEventListener('click', () => {
        manager.allCollapsed = true
        const allIds = manager.renderData.tests.map((test) => test.id)
        setCollapsedIds(allIds)
        redraw()
    })
}

const redraw = () => {
    const { testSubset } = manager

    renderContent(testSubset)
    renderDerived()
}

module.exports = {
    redraw,
    bindEvents,
    renderStatic,
}

},{"./datamanager.js":1,"./dom.js":2,"./filter.js":3,"./sort.js":7,"./storage.js":8}],6:[function(require,module,exports){
class MediaViewer {
    constructor(assets) {
        this.assets = assets
        this.index = 0
    }

    nextActive() {
        this.index = this.index === this.assets.length - 1 ? 0 : this.index + 1
        return [this.activeFile, this.index]
    }

    prevActive() {
        this.index = this.index === 0 ? this.assets.length - 1 : this.index -1
        return [this.activeFile, this.index]
    }

    get currentIndex() {
        return this.index
    }

    get activeFile() {
        return this.assets[this.index]
    }
}


const setup = (resultBody, assets) => {
    if (!assets.length) {
        resultBody.querySelector('.media').classList.add('hidden')
        return
    }

    const mediaViewer = new MediaViewer(assets)
    const container = resultBody.querySelector('.media-container')
    const leftArrow = resultBody.querySelector('.media-container__nav--left')
    const rightArrow = resultBody.querySelector('.media-container__nav--right')
    const mediaName = resultBody.querySelector('.media__name')
    const counter = resultBody.querySelector('.media__counter')
    const imageEl = resultBody.querySelector('img')
    const sourceEl = resultBody.querySelector('source')
    const videoEl = resultBody.querySelector('video')

    const setImg = (media, index) => {
        if (media?.format_type === 'image') {
            imageEl.src = media.path

            imageEl.classList.remove('hidden')
            videoEl.classList.add('hidden')
        } else if (media?.format_type === 'video') {
            sourceEl.src = media.path

            videoEl.classList.remove('hidden')
            imageEl.classList.add('hidden')
        }

        mediaName.innerText = media?.name
        counter.innerText = `${index + 1} / ${assets.length}`
    }
    setImg(mediaViewer.activeFile, mediaViewer.currentIndex)

    const moveLeft = () => {
        const [media, index] = mediaViewer.prevActive()
        setImg(media, index)
    }
    const doRight = () => {
        const [media, index] = mediaViewer.nextActive()
        setImg(media, index)
    }
    const openImg = () => {
        window.open(mediaViewer.activeFile.path, '_blank')
    }
    if (assets.length === 1) {
        container.classList.add('media-container--fullscreen')
    } else {
        leftArrow.addEventListener('click', moveLeft)
        rightArrow.addEventListener('click', doRight)
    }
    imageEl.addEventListener('click', openImg)
}

module.exports = {
    setup,
}

},{}],7:[function(require,module,exports){
const { manager } = require('./datamanager.js')
const storageModule = require('./storage.js')

const genericSort = (list, key, ascending, customOrder) => {
    let sorted
    if (customOrder) {
        sorted = list.sort((a, b) => {
            const aValue = a.result.toLowerCase()
            const bValue = b.result.toLowerCase()

            const aIndex = customOrder.findIndex((item) => item.toLowerCase() === aValue)
            const bIndex = customOrder.findIndex((item) => item.toLowerCase() === bValue)

            // Compare the indices to determine the sort order
            return aIndex - bIndex
        })
    } else {
        sorted = list.sort((a, b) => a[key] === b[key] ? 0 : a[key] > b[key] ? 1 : -1)
    }

    if (ascending) {
        sorted.reverse()
    }
    return sorted
}

const durationSort = (list, ascending) => {
    const parseDuration = (duration) => {
        if (duration.includes(':')) {
            // If it's in the format "HH:mm:ss"
            const [hours, minutes, seconds] = duration.split(':').map(Number)
            return (hours * 3600 + minutes * 60 + seconds) * 1000
        } else {
            // If it's in the format "nnn ms"
            return parseInt(duration)
        }
    }
    const sorted = list.sort((a, b) => parseDuration(a['duration']) - parseDuration(b['duration']))
    if (ascending) {
        sorted.reverse()
    }
    return sorted
}

const doInitSort = () => {
    const type = storageModule.getSort(manager.initialSort)
    const ascending = storageModule.getSortDirection()
    const list = manager.testSubset
    const initialOrder = ['Error', 'Failed', 'Rerun', 'XFailed', 'XPassed', 'Skipped', 'Passed']

    storageModule.setSort(type)
    storageModule.setSortDirection(ascending)

    if (type?.toLowerCase() === 'original') {
        manager.setRender(list)
    } else {
        let sortedList
        switch (type) {
        case 'duration':
            sortedList = durationSort(list, ascending)
            break
        case 'result':
            sortedList = genericSort(list, type, ascending, initialOrder)
            break
        default:
            sortedList = genericSort(list, type, ascending)
            break
        }
        manager.setRender(sortedList)
    }
}

const doSort = (type, skipDirection) => {
    const newSortType = storageModule.getSort(manager.initialSort) !== type
    const currentAsc = storageModule.getSortDirection()
    let ascending
    if (skipDirection) {
        ascending = currentAsc
    } else {
        ascending = newSortType ? false : !currentAsc
    }
    storageModule.setSort(type)
    storageModule.setSortDirection(ascending)

    const list = manager.testSubset
    const sortedList = type === 'duration' ? durationSort(list, ascending) : genericSort(list, type, ascending)
    manager.setRender(sortedList)
}

module.exports = {
    doInitSort,
    doSort,
}

},{"./datamanager.js":1,"./storage.js":8}],8:[function(require,module,exports){
const possibleFilters = [
    'passed',
    'skipped',
    'failed',
    'error',
    'xfailed',
    'xpassed',
    'rerun',
]

const getVisible = () => {
    const url = new URL(window.location.href)
    const settings = new URLSearchParams(url.search).get('visible')
    const lower = (item) => {
        const lowerItem = item.toLowerCase()
        if (possibleFilters.includes(lowerItem)) {
            return lowerItem
        }
        return null
    }
    return settings === null ?
        possibleFilters :
        [...new Set(settings?.split(',').map(lower).filter((item) => item))]
}

const hideCategory = (categoryToHide) => {
    const url = new URL(window.location.href)
    const visibleParams = new URLSearchParams(url.search).get('visible')
    const currentVisible = visibleParams ? visibleParams.split(',') : [...possibleFilters]
    const settings = [...new Set(currentVisible)].filter((f) => f !== categoryToHide).join(',')

    url.searchParams.set('visible', settings)
    window.history.pushState({}, null, unescape(url.href))
}

const showCategory = (categoryToShow) => {
    if (typeof window === 'undefined') {
        return
    }
    const url = new URL(window.location.href)
    const currentVisible = new URLSearchParams(url.search).get('visible')?.split(',').filter(Boolean) ||
        [...possibleFilters]
    const settings = [...new Set([categoryToShow, ...currentVisible])]
    const noFilter = possibleFilters.length === settings.length || !settings.length

    noFilter ? url.searchParams.delete('visible') : url.searchParams.set('visible', settings.join(','))
    window.history.pushState({}, null, unescape(url.href))
}

const getSort = (initialSort) => {
    const url = new URL(window.location.href)
    let sort = new URLSearchParams(url.search).get('sort')
    if (!sort) {
        sort = initialSort || 'result'
    }
    return sort
}

const setSort = (type) => {
    const url = new URL(window.location.href)
    url.searchParams.set('sort', type)
    window.history.pushState({}, null, unescape(url.href))
}

const getCollapsedCategory = (renderCollapsed) => {
    let categories
    if (typeof window !== 'undefined') {
        const url = new URL(window.location.href)
        const collapsedItems = new URLSearchParams(url.search).get('collapsed')
        switch (true) {
        case !renderCollapsed && collapsedItems === null:
            categories = ['passed']
            break
        case collapsedItems?.length === 0 || /^["']{2}$/.test(collapsedItems):
            categories = []
            break
        case /^all$/.test(collapsedItems) || collapsedItems === null && /^all$/.test(renderCollapsed):
            categories = [...possibleFilters]
            break
        default:
            categories = collapsedItems?.split(',').map((item) => item.toLowerCase()) || renderCollapsed
            break
        }
    } else {
        categories = []
    }
    return categories
}

const getSortDirection = () => JSON.parse(sessionStorage.getItem('sortAsc')) || false
const setSortDirection = (ascending) => sessionStorage.setItem('sortAsc', ascending)

const getCollapsedIds = () => JSON.parse(sessionStorage.getItem('collapsedIds')) || []
const setCollapsedIds = (list) => sessionStorage.setItem('collapsedIds', JSON.stringify(list))

module.exports = {
    getVisible,
    hideCategory,
    showCategory,
    getCollapsedIds,
    setCollapsedIds,
    getSort,
    setSort,
    getSortDirection,
    setSortDirection,
    getCollapsedCategory,
    possibleFilters,
}

},{}]},{},[4]);
    </script>
  </footer>
</html>